#
# A fatal error has been detected by the Java Runtime Environment:
#
#  EXCEPTION_ACCESS_VIOLATION (0xc0000005) at pc=0x000002254249b740, pid=4660, tid=16680
#
# JRE version: OpenJDK Runtime Environment Temurin-21.0.8+9 (21.0.8+9) (build 21.0.8+9-LTS)
# Java VM: OpenJDK 64-Bit Server VM Temurin-21.0.8+9 (21.0.8+9-LTS, mixed mode, sharing, tiered, compressed oops, compressed class ptrs, parallel gc, windows-amd64)
# Problematic frame:
# j  org.eclipse.jdt.internal.core.util.BindingKeyParser.parse(Z)V+139
#
# No core dump will be written. Minidumps are not enabled by default on client versions of Windows
#
# If you would like to submit a bug report, please visit:
#   https://github.com/adoptium/adoptium-support/issues
#

---------------  S U M M A R Y ------------

Command Line: --add-modules=ALL-SYSTEM --add-opens=java.base/java.util=ALL-UNNAMED --add-opens=java.base/java.lang=ALL-UNNAMED --add-opens=java.base/sun.nio.fs=ALL-UNNAMED -Declipse.application=org.eclipse.jdt.ls.core.id1 -Dosgi.bundles.defaultStartLevel=4 -Declipse.product=org.eclipse.jdt.ls.core.product -Djava.import.generatesMetadataFilesAtProjectRoot=false -DDetectVMInstallationsJob.disabled=true -Dfile.encoding=utf8 -XX:+UseParallelGC -XX:GCTimeRatio=4 -XX:AdaptiveSizePolicyWeight=90 -Dsun.zip.disableMemoryMapping=true -Xmx2G -Xms100m -Xlog:disable -javaagent:c:\Users\rpriy\.vscode\extensions\redhat.java-1.44.0-win32-x64\lombok\lombok-1.18.39-4050.jar -XX:+HeapDumpOnOutOfMemoryError -XX:HeapDumpPath=c:\Users\rpriy\AppData\Roaming\Code\User\workspaceStorage\9c4f30c63e8733c4337978f1d90d98d6\redhat.java -Daether.dependencyCollector.impl=bf c:\Users\rpriy\.vscode\extensions\redhat.java-1.44.0-win32-x64\server\plugins\org.eclipse.equinox.launcher_1.7.0.v20250519-0528.jar -configuration c:\Users\rpriy\AppData\Roaming\Code\User\globalStorage\redhat.java\1.44.0\config_win -data c:\Users\rpriy\AppData\Roaming\Code\User\workspaceStorage\9c4f30c63e8733c4337978f1d90d98d6\redhat.java\jdt_ws --pipe=\\.\pipe\lsp-48d6a39860954804255cad16f398f070-sock

Host: AMD Ryzen 5 5500U with Radeon Graphics         , 12 cores, 17G,  Windows 11 , 64 bit Build 22621 (10.0.22621.5415)
Time: Wed Aug  6 09:34:50 2025 India Standard Time elapsed time: 3588.673395 seconds (0d 0h 59m 48s)

---------------  T H R E A D  ---------------

Current thread (0x000002259d812820):  JavaThread "ForkJoinPool.commonPool-worker-19" daemon [_thread_in_Java, id=16680, stack(0x0000003181000000,0x0000003181100000) (1024K)]

Stack: [0x0000003181000000,0x0000003181100000],  sp=0x00000031810fe700,  free space=1017k
Native frames: (J=compiled Java code, j=interpreted, Vv=VM code, C=native code)
C  0x000002254249b740


siginfo: EXCEPTION_ACCESS_VIOLATION (0xc0000005), data execution prevention violation at address 0x000002254249b740


Registers:
RAX=0x000002255490db08, RBX=0x00000225abb5cfb8, RCX=0x00000000d5584b10, RDX=0x00000225ab9b9390
RSP=0x00000031810fe6f8, RBP=0x00000031810fe750, RSI=0x0000000000000013, RDI=0x0000000000000013
R8 =0x000000000000006d, R9 =0x0000000000000014, R10=0x0000022553000000, R11=0x0000000000000012
R12=0x0000000000000000, R13=0x00000031810fe700, R14=0x00000225ab9b9390, R15=0x000002259d812820
RIP=0x000002254249b740, EFLAGS=0x0000000000010297

XMM[0]=0x0000000000000000 0x0000000000000000
XMM[1]=0x0000000000000000 0x0000000000000000
XMM[2]=0x0000000000000000 0x0000000000000000
XMM[3]=0x0000000000000000 0xff00ff00ff00ff00
XMM[4]=0x0000000000000000 0x0000000080d31dd0
XMM[5]=0x0000000000000000 0x000000000000000c
XMM[6]=0x0000000000000000 0x0000000000000040
XMM[7]=0x0000000000000000 0x0000000000000000
XMM[8]=0x0000000000000000 0xded560a5d2feee14
XMM[9]=0x0000000000000000 0x7fb7a16a70a5d5a9
XMM[10]=0x0000000000000000 0x00000000f0ee343f
XMM[11]=0x0000000000000000 0x791df919e9c3cec2
XMM[12]=0x0000000000000000 0x0000000070a5d5a9
XMM[13]=0x0000000000000000 0x00000000d5918000
XMM[14]=0x0000000000000000 0x0000000000000003
XMM[15]=0x0000000000000000 0x0000000000000002
  MXCSR=0x00001fa0


Register to memory mapping:

RAX=0x000002255490db08 is a pointer to class: 
org.eclipse.jdt.internal.core.util.KeyToSignature {0x000002255490db10}
 - instance size:     8
 - klass size:        106
 - access:            public synchronized 
 - flags:             rewritten has_nonstatic_fields should_verify_class has_localvariable_table 
 - state:             fully_initialized
 - name:              'org/eclipse/jdt/internal/core/util/KeyToSignature'
 - super:             'org/eclipse/jdt/internal/core/util/BindingKeyParser'
 - sub:               
 - arrays:            null
 - methods:           Array<T>(0x00000225abb536d8)
 - method ordering:   Array<T>(0x0000022553a81838)
 - local interfaces:  Array<T>(0x0000022553611630)
 - trans. interfaces: Array<T>(0x0000022553611630)
 - secondary supers: Array<T>(0x0000022553611180)
 - hash_slot:         28
 - bitmap:            0x0000000000000000
 - constants:         constant pool [275] {0x00000225abb52da0} for 'org/eclipse/jdt/internal/core/util/KeyToSignature' cache=0x00000225abb5d7f8
 - class loader data:  loader data: 0x000002259bf4f6f0 for instance a 'org/eclipse/osgi/internal/loader/EquinoxClassLoader'{0x0000000080289e40}
 - source file:       'KeyToSignature.java'
 - inner classes:     Array<T>(0x00000225536115b8)
 - nest members:     Array<T>(0x00000225536115b8)
 - permitted subclasses:     Array<T>(0x00000225536115b8)
 - java mirror:       a 'java/lang/Class'{0x0000000087bd4320} = 'org/eclipse/jdt/internal/core/util/KeyToSignature'
 - vtable length      44  (start addr: 0x000002255490dcd8)
 - itable length      2 (start addr: 0x000002255490de38)
 - ---- static fields (2 words):
 - public static final 'SIGNATURE' 'I' @112 
 - public static final 'TYPE_ARGUMENTS' 'I' @116 
 - public static final 'DECLARING_TYPE' 'I' @120 
 - public static final 'THROWN_EXCEPTIONS' 'I' @124 
 - ---- non-static fields (13 words):
 - 'keyStart' 'I' @12 
 - private 'parsingPaused' 'Z' @16 
 - private 'hasTypeName' 'Z' @17 
 - private 'hasModuleName' 'Z' @18 
 - private 'isMalformed' 'Z' @19 
 - private 'isParsingThrownExceptions' 'Z' @20 
 - private 'scanner' 'Lorg/eclipse/jdt/internal/core/util/BindingKeyParser$Scanner;' @24 
 - private 'asBinarySignature' 'Z' @21 
 - private final 'kind' 'I' @28 
 - private 'mainTypeStart' 'I' @32 
 - private 'mainTypeEnd' 'I' @36 
 - private 'typeSigStart' 'I' @40 
 - public 'signature' 'Ljava/lang/StringBuilder;' @44 
 - private 'arguments' 'Ljava/util/ArrayList;' @48 
 - private 'typeArguments' 'Ljava/util/ArrayList;' @52 
 - private 'typeParameters' 'Ljava/util/ArrayList;' @56 
 - private 'thrownExceptions' 'Ljava/util/ArrayList;' @60 
 - non-static oop maps: 24-24 44-60 
RBX={method} {0x00000225abb5cfc0} 'consumeType' '()V' in 'org/eclipse/jdt/internal/core/util/KeyToSignature'
RCX=0x00000000d5584b10 is an oop: org.eclipse.jdt.internal.core.util.KeyToSignature 
{0x00000000d5584b10} - klass: 'org/eclipse/jdt/internal/core/util/KeyToSignature'
 - ---- fields (total size 8 words):
 - 'keyStart' 'I' @12  0 (0x00000000)
 - private 'parsingPaused' 'Z' @16  false (0x00)
 - private 'hasTypeName' 'Z' @17  true (0x01)
 - private 'hasModuleName' 'Z' @18  false (0x00)
 - private 'isMalformed' 'Z' @19  false (0x00)
 - private 'isParsingThrownExceptions' 'Z' @20  false (0x00)
 - private 'scanner' 'Lorg/eclipse/jdt/internal/core/util/BindingKeyParser$Scanner;' @24  a 'org/eclipse/jdt/internal/core/util/BindingKeyParser$Scanner'{0x00000000d5584b50} (0xd5584b50)
 - private 'asBinarySignature' 'Z' @21  false (0x00)
 - private final 'kind' 'I' @28  0 (0x00000000)
 - private 'mainTypeStart' 'I' @32  -1 (0xffffffff)
 - private 'mainTypeEnd' 'I' @36  0 (0x00000000)
 - private 'typeSigStart' 'I' @40  0 (0x00000000)
 - public 'signature' 'Ljava/lang/StringBuilder;' @44  a 'java/lang/StringBuilder'{0x00000000d5584be0} (0xd5584be0)
 - private 'arguments' 'Ljava/util/ArrayList;' @48  a 'java/util/ArrayList'{0x00000000d5584c18} (0xd5584c18)
 - private 'typeArguments' 'Ljava/util/ArrayList;' @52  a 'java/util/ArrayList'{0x00000000d5584c30} (0xd5584c30)
 - private 'typeParameters' 'Ljava/util/ArrayList;' @56  a 'java/util/ArrayList'{0x00000000d5584c48} (0xd5584c48)
 - private 'thrownExceptions' 'Ljava/util/ArrayList;' @60  a 'java/util/ArrayList'{0x00000000d5584c60} (0xd5584c60)
RDX=0x00000225ab9b9390 is pointing into metadata
RSP=0x00000031810fe6f8 is pointing into the stack for thread: 0x000002259d812820
RBP=0x00000031810fe750 is pointing into the stack for thread: 0x000002259d812820
RSI=0x0000000000000013 is an unknown value
RDI=0x0000000000000013 is an unknown value
R8 =0x000000000000006d is an unknown value
R9 =0x0000000000000014 is an unknown value
R10=0x0000022553000000 is pointing into metadata
R11=0x0000000000000012 is an unknown value
R12=0x0 is null
R13=0x00000031810fe700 is pointing into the stack for thread: 0x000002259d812820
R14=0x00000225ab9b9390 is pointing into metadata
R15=0x000002259d812820 is a thread

Top of Stack: (sp=0x00000031810fe6f8)
0x00000031810fe6f8:   0000022546498560 00000000d5584b10
0x00000031810fe708:   00000031810fe708 00000225ab3265a3
0x00000031810fe718:   0000000000000003 00000225ab328328
0x00000031810fe728:   00000225ab9b9390 00000000879a77a8
0x00000031810fe738:   00000225ab3266c8 00000031810fe700
0x00000031810fe748:   00000031810fe760 00000031810fe7b8
0x00000031810fe758:   0000022546498560 0000000000000000
0x00000031810fe768:   00000000d5584b10 00000031810fe770
0x00000031810fe778:   00000225ab32646a 0000000000000002
0x00000031810fe788:   00000225ab328328 00000225ab9b8cd0
0x00000031810fe798:   00000000879a77a8 00000225ab326488
0x00000031810fe7a8:   00000031810fe760 00000031810fe7c8
0x00000031810fe7b8:   00000031810fe818 0000022546498560
0x00000031810fe7c8:   00000000d5584b10 00000031810fe7d0
0x00000031810fe7d8:   00000225ab5666de 0000000000000003
0x00000031810fe7e8:   00000225ab5668f8 0000000000000000
0x00000031810fe7f8:   0000000087a3a500 00000225ab566710
0x00000031810fe808:   00000031810fe7c8 00000031810fe840
0x00000031810fe818:   00000031810feb70 000002254183ee64
0x00000031810fe828:   00000000d5584b10 00000000d5584b00
0x00000031810fe838:   000002254183ee64 00000031810fe918
0x00000031810fe848:   00007ffe0c237f2d 000002259d812820
0x00000031810fe858:   00000031810feb38 00000031810feba0
0x00000031810fe868:   0000000000000000 0000022540e1f490
0x00000031810fe878:   00007ffe0c7a7b29 0000022540e1f490
0x00000031810fe888:   0000000000000000 00000031810fe9c0
0x00000031810fe898:   0000022540e1f490 0000022540e1f490
0x00000031810fe8a8:   0000000000000000 0000022540e1f680
0x00000031810fe8b8:   0000022540e1f680 00000000808d6730
0x00000031810fe8c8:   00000000d5583fc0 00110000002480d7
0x00000031810fe8d8:   00000000d5584ae0 00000000d5584b00
0x00000031810fe8e8:   00000000d5584b00 0000022500000000 

Instructions: (pc=0x0000022546498560)
0x0000022546498460:   ff 00 00 00 48 8d 24 dc 41 0f b6 5d 02 49 83 c5
0x0000022546498470:   02 49 ba 30 74 dc 0c fe 7f 00 00 41 ff 24 da 48
0x0000022546498480:   8b 65 f0 48 c7 45 f0 00 00 00 00 4c 8b 6d c0 4c
0x0000022546498490:   8b 75 c8 4e 8d 74 f5 00 48 8b 5d d8 48 85 db 0f
0x00000225464984a0:   84 8a 00 00 00 41 80 7d 00 ba 0f 84 1b 00 00 00
0x00000225464984b0:   41 80 7d 00 e9 0f 84 10 00 00 00 48 8b 4d e8 66
0x00000225464984c0:   81 79 34 8e 01 0f 85 64 00 00 00 48 8b c8 48 85
0x00000225464984d0:   c9 75 0e f6 43 f8 01 75 56 f0 48 83 4b f8 01 eb
0x00000225464984e0:   4e 8b 49 08 49 ba 00 00 00 53 25 02 00 00 49 03
0x00000225464984f0:   ca 4c 8b d1 48 33 4b f8 48 f7 c1 fc ff ff ff 74
0x0000022546498500:   2e f6 c1 02 75 29 48 83 7b f8 00 74 1e 48 83 7b
0x0000022546498510:   f8 01 74 17 49 8b ca 48 33 4b f8 48 f7 c1 fc ff
0x0000022546498520:   ff ff 74 0b 48 83 4b f8 02 eb 04 48 89 4b f8 41
0x0000022546498530:   0f b7 4d 01 48 8b 5d d0 c1 e1 02 8b 5c cb 50 81
0x0000022546498540:   e3 ff 00 00 00 48 8d 24 dc 41 0f b6 5d 02 49 83
0x0000022546498550:   c5 02 49 ba 30 94 dc 0c fe 7f 00 00 41 ff 24 da
0x0000022546498560:   48 8b 65 f0 48 c7 45 f0 00 00 00 00 4c 8b 6d c0
0x0000022546498570:   4c 8b 75 c8 4e 8d 74 f5 00 41 0f b7 4d 01 48 8b
0x0000022546498580:   5d d0 c1 e1 02 8b 5c cb 50 81 e3 ff 00 00 00 48
0x0000022546498590:   8d 24 dc 41 0f b6 5d 03 49 83 c5 03 49 ba 30 9c
0x00000225464985a0:   dc 0c fe 7f 00 00 41 ff 24 da 48 8b 65 f0 48 c7
0x00000225464985b0:   45 f0 00 00 00 00 4c 8b 6d c0 4c 8b 75 c8 4e 8d
0x00000225464985c0:   74 f5 00 41 0f b7 4d 01 48 8b 5d d0 c1 e1 02 8b
0x00000225464985d0:   5c cb 50 81 e3 ff 00 00 00 48 8d 24 dc 41 0f b6
0x00000225464985e0:   5d 03 49 83 c5 03 49 ba 30 8c dc 0c fe 7f 00 00
0x00000225464985f0:   41 ff 24 da 48 8b 65 f0 48 c7 45 f0 00 00 00 00
0x0000022546498600:   4c 8b 6d c0 4c 8b 75 c8 4e 8d 74 f5 00 41 0f b7
0x0000022546498610:   4d 01 48 8b 5d d0 c1 e1 02 8b 5c cb 50 81 e3 ff
0x0000022546498620:   00 00 00 48 8d 24 dc 41 0f b6 5d 03 49 83 c5 03
0x0000022546498630:   49 ba 30 84 dc 0c fe 7f 00 00 41 ff 24 da 48 8b
0x0000022546498640:   65 f0 48 c7 45 f0 00 00 00 00 4c 8b 6d c0 4c 8b
0x0000022546498650:   75 c8 4e 8d 74 f5 00 41 0f b7 4d 01 48 8b 5d d0 


Stack slot to memory mapping:

stack at sp + 0 slots: 0x00000000d5584b10 is an oop: org.eclipse.jdt.internal.core.util.KeyToSignature 
{0x00000000d5584b10} - klass: 'org/eclipse/jdt/internal/core/util/KeyToSignature'
 - ---- fields (total size 8 words):
 - 'keyStart' 'I' @12  0 (0x00000000)
 - private 'parsingPaused' 'Z' @16  false (0x00)
 - private 'hasTypeName' 'Z' @17  true (0x01)
 - private 'hasModuleName' 'Z' @18  false (0x00)
 - private 'isMalformed' 'Z' @19  false (0x00)
 - private 'isParsingThrownExceptions' 'Z' @20  false (0x00)
 - private 'scanner' 'Lorg/eclipse/jdt/internal/core/util/BindingKeyParser$Scanner;' @24  a 'org/eclipse/jdt/internal/core/util/BindingKeyParser$Scanner'{0x00000000d5584b50} (0xd5584b50)
 - private 'asBinarySignature' 'Z' @21  false (0x00)
 - private final 'kind' 'I' @28  0 (0x00000000)
 - private 'mainTypeStart' 'I' @32  -1 (0xffffffff)
 - private 'mainTypeEnd' 'I' @36  0 (0x00000000)
 - private 'typeSigStart' 'I' @40  0 (0x00000000)
 - public 'signature' 'Ljava/lang/StringBuilder;' @44  a 'java/lang/StringBuilder'{0x00000000d5584be0} (0xd5584be0)
 - private 'arguments' 'Ljava/util/ArrayList;' @48  a 'java/util/ArrayList'{0x00000000d5584c18} (0xd5584c18)
 - private 'typeArguments' 'Ljava/util/ArrayList;' @52  a 'java/util/ArrayList'{0x00000000d5584c30} (0xd5584c30)
 - private 'typeParameters' 'Ljava/util/ArrayList;' @56  a 'java/util/ArrayList'{0x00000000d5584c48} (0xd5584c48)
 - private 'thrownExceptions' 'Ljava/util/ArrayList;' @60  a 'java/util/ArrayList'{0x00000000d5584c60} (0xd5584c60)
stack at sp + 1 slots: 0x00000031810fe708 is pointing into the stack for thread: 0x000002259d812820
stack at sp + 2 slots: 0x00000225ab3265a3 is pointing into metadata
stack at sp + 3 slots: 0x0000000000000003 is an unknown value
stack at sp + 4 slots: 0x00000225ab328328 is pointing into metadata
stack at sp + 5 slots: 0x00000225ab9b9390 is pointing into metadata
stack at sp + 6 slots: 0x00000000879a77a8 is an oop: java.lang.Class 
{0x00000000879a77a8} - klass: 'java/lang/Class'
 - ---- fields (total size 15 words):
 - private volatile transient 'classRedefinedCount' 'I' @12  0 (0x00000000)
 - injected 'klass' 'J' @16  2359354881232 (0x00000225548274d0)
 - injected 'array_klass' 'J' @24  0 (0x0000000000000000)
 - injected 'oop_size' 'I' @32  15 (0x0000000f)
 - injected 'static_oop_field_count' 'I' @36  0 (0x00000000)
 - private volatile transient 'cachedConstructor' 'Ljava/lang/reflect/Constructor;' @40  null (0x00000000)
 - private transient 'name' 'Ljava/lang/String;' @44  "org.eclipse.jdt.internal.core.util.BindingKeyParser"{0x00000000879a8150} (0x879a8150)
 - private transient 'module' 'Ljava/lang/Module;' @48  a 'java/lang/Module'{0x0000000080289eb0} (0x80289eb0)
 - private final 'classLoader' 'Ljava/lang/ClassLoader;' @52  a 'org/eclipse/osgi/internal/loader/EquinoxClassLoader'{0x0000000080289e40} (0x80289e40)
 - private transient 'classData' 'Ljava/lang/Object;' @56  null (0x00000000)
 - private transient 'packageName' 'Ljava/lang/String;' @60  "org.eclipse.jdt.internal.core.util"{0x0000000080c50b58} (0x80c50b58)
 - private final 'componentType' 'Ljava/lang/Class;' @64  null (0x00000000)
 - private volatile transient 'reflectionData' 'Ljava/lang/ref/SoftReference;' @68  null (0x00000000)
 - private volatile transient 'genericInfo' 'Lsun/reflect/generics/repository/ClassRepository;' @72  null (0x00000000)
 - private volatile transient 'enumConstants' '[Ljava/lang/Object;' @76  null (0x00000000)
 - private volatile transient 'enumConstantDirectory' 'Ljava/util/Map;' @80  null (0x00000000)
 - private volatile transient 'annotationData' 'Ljava/lang/Class$AnnotationData;' @84  null (0x00000000)
 - private volatile transient 'annotationType' 'Lsun/reflect/annotation/AnnotationType;' @88  null (0x00000000)
 - transient 'classValueMap' 'Ljava/lang/ClassValue$ClassValueMap;' @92  null (0x00000000)
 - injected 'protection_domain' 'Ljava/lang/Object;' @96  a 'org/eclipse/osgi/internal/loader/ModuleClassLoader$GenerationProtectionDomain'{0x000000008028a248} (0x8028a248)
 - injected 'signers_name' 'Ljava/lang/Object;' @100  null (0x00000000)
 - injected 'source_file' 'Ljava/lang/Object;' @104  null (0x00000000)
 - injected '<init_lock>' 'Ljava/lang/Object;' @108  null (0x00000000)
 - signature: Lorg/eclipse/jdt/internal/core/util/BindingKeyParser;
 - ---- static fields (0):
 - static final 'C_THROWN' 'C' @112  | 124 (0x007c)
stack at sp + 7 slots: {method} {0x00000225ab3266d0} 'parse' '(Z)V' in 'org/eclipse/jdt/internal/core/util/BindingKeyParser'


---------------  P R O C E S S  ---------------

Threads class SMR info:
_java_thread_list=0x000002259eee3990, length=64, elements={
0x000002253bd6c2f0, 0x00000225956744b0, 0x000002253bd1d570, 0x00000225956774e0,
0x000002259567b800, 0x000002259567a540, 0x000002259567c5b0, 0x000002259567ef50,
0x00000225956a03f0, 0x0000022595783fe0, 0x00000225959a5890, 0x000002259a6bf210,
0x000002259a6bff30, 0x000002259a6bf8a0, 0x000002259a6c05c0, 0x000002259a6beb80,
0x000002259a6c0c50, 0x000002259a6be4f0, 0x000002259a644ef0, 0x000002259a63f310,
0x000002259a642100, 0x000002259a6441d0, 0x000002259a63e5f0, 0x000002259a642790,
0x000002259a640d50, 0x000002259a642e20, 0x000002259a63ec80, 0x000002259a6406c0,
0x000002259a643b40, 0x000002259a6413e0, 0x000002259a644860, 0x000002259a645c10,
0x000002259d814260, 0x000002259d8148f0, 0x000002259d811b00, 0x000002259d80f3a0,
0x000002259effaaa0, 0x000002259d38f990, 0x000002259d390020, 0x000002259d38a440,
0x000002259d389db0, 0x000002259d38aad0, 0x000002259d38be80, 0x000002259d38f300,
0x000002259d389720, 0x000002259d38d230, 0x000002259d38b160, 0x000002259d38b7f0,
0x000002259d38c510, 0x000002259d38d8c0, 0x000002259d80ed10, 0x000002259d815610,
0x000002259d811470, 0x000002259d816330, 0x000002259d812190, 0x000002259d812820,
0x000002259d812eb0, 0x000002259d815ca0, 0x000002259effa410, 0x00000225a09febe0,
0x00000225a09fdec0, 0x000002259effcb70, 0x000002259eff6f90, 0x000002259d38cba0
}

Java Threads: ( => current thread )
  0x000002253bd6c2f0 JavaThread "main"                              [_thread_blocked, id=9780, stack(0x00000031fbd00000,0x00000031fbe00000) (1024K)]
  0x00000225956744b0 JavaThread "Reference Handler"          daemon [_thread_blocked, id=2052, stack(0x00000031fc100000,0x00000031fc200000) (1024K)]
  0x000002253bd1d570 JavaThread "Finalizer"                  daemon [_thread_blocked, id=12788, stack(0x00000031fc200000,0x00000031fc300000) (1024K)]
  0x00000225956774e0 JavaThread "Signal Dispatcher"          daemon [_thread_blocked, id=12008, stack(0x00000031fc300000,0x00000031fc400000) (1024K)]
  0x000002259567b800 JavaThread "Attach Listener"            daemon [_thread_blocked, id=14860, stack(0x00000031fc400000,0x00000031fc500000) (1024K)]
  0x000002259567a540 JavaThread "Service Thread"             daemon [_thread_blocked, id=11140, stack(0x00000031fc500000,0x00000031fc600000) (1024K)]
  0x000002259567c5b0 JavaThread "Monitor Deflation Thread"   daemon [_thread_blocked, id=17348, stack(0x00000031fc600000,0x00000031fc700000) (1024K)]
  0x000002259567ef50 JavaThread "C2 CompilerThread0"         daemon [_thread_in_native, id=11280, stack(0x00000031fc700000,0x00000031fc800000) (1024K)]
  0x00000225956a03f0 JavaThread "C1 CompilerThread0"         daemon [_thread_blocked, id=6920, stack(0x00000031fc800000,0x00000031fc900000) (1024K)]
  0x0000022595783fe0 JavaThread "Common-Cleaner"             daemon [_thread_blocked, id=10804, stack(0x00000031fc900000,0x00000031fca00000) (1024K)]
  0x00000225959a5890 JavaThread "Notification Thread"        daemon [_thread_blocked, id=11228, stack(0x00000031fca00000,0x00000031fcb00000) (1024K)]
  0x000002259a6bf210 JavaThread "Active Thread: Equinox Container: 41943bec-9bce-45d4-9167-77a00c3feb29"        [_thread_blocked, id=7752, stack(0x00000031fd300000,0x00000031fd400000) (1024K)]
  0x000002259a6bff30 JavaThread "Refresh Thread: Equinox Container: 41943bec-9bce-45d4-9167-77a00c3feb29" daemon [_thread_blocked, id=3240, stack(0x00000031fcc00000,0x00000031fcd00000) (1024K)]
  0x000002259a6bf8a0 JavaThread "Framework Event Dispatcher: Equinox Container: 41943bec-9bce-45d4-9167-77a00c3feb29" daemon [_thread_blocked, id=10084, stack(0x00000031fd400000,0x00000031fd500000) (1024K)]
  0x000002259a6c05c0 JavaThread "Start Level: Equinox Container: 41943bec-9bce-45d4-9167-77a00c3feb29" daemon [_thread_blocked, id=14772, stack(0x00000031fd500000,0x00000031fd600000) (1024K)]
  0x000002259a6beb80 JavaThread "Bundle File Closer"         daemon [_thread_blocked, id=5252, stack(0x00000031fd900000,0x00000031fda00000) (1024K)]
  0x000002259a6c0c50 JavaThread "SCR Component Actor"        daemon [_thread_blocked, id=13124, stack(0x00000031fd600000,0x00000031fd700000) (1024K)]
  0x000002259a6be4f0 JavaThread "Worker-JM"                         [_thread_blocked, id=16644, stack(0x00000031fdc00000,0x00000031fdd00000) (1024K)]
  0x000002259a644ef0 JavaThread "JNA Cleaner"                daemon [_thread_blocked, id=14916, stack(0x00000031fdd00000,0x00000031fde00000) (1024K)]
  0x000002259a63f310 JavaThread "Java indexing"              daemon [_thread_blocked, id=5816, stack(0x00000031fe000000,0x00000031fe100000) (1024K)]
  0x000002259a642100 JavaThread "Thread-2"                   daemon [_thread_in_native, id=9580, stack(0x00000031fe400000,0x00000031fe500000) (1024K)]
  0x000002259a6441d0 JavaThread "Thread-3"                   daemon [_thread_in_native, id=14188, stack(0x00000031fe500000,0x00000031fe600000) (1024K)]
  0x000002259a63e5f0 JavaThread "Thread-4"                   daemon [_thread_in_native, id=12176, stack(0x00000031fe600000,0x00000031fe700000) (1024K)]
  0x000002259a642790 JavaThread "Thread-5"                   daemon [_thread_in_native, id=16784, stack(0x00000031fe700000,0x00000031fe800000) (1024K)]
  0x000002259a640d50 JavaThread "Thread-6"                   daemon [_thread_in_native, id=3320, stack(0x00000031fe800000,0x00000031fe900000) (1024K)]
  0x000002259a642e20 JavaThread "Thread-7"                   daemon [_thread_in_native, id=5724, stack(0x00000031fe900000,0x00000031fea00000) (1024K)]
  0x000002259a63ec80 JavaThread "Thread-8"                   daemon [_thread_in_native, id=10456, stack(0x00000031fea00000,0x00000031feb00000) (1024K)]
  0x000002259a6406c0 JavaThread "Thread-9"                   daemon [_thread_in_native, id=5940, stack(0x00000031feb00000,0x00000031fec00000) (1024K)]
  0x000002259a643b40 JavaThread "Thread-10"                  daemon [_thread_in_native, id=2128, stack(0x00000031fec00000,0x00000031fed00000) (1024K)]
  0x000002259a6413e0 JavaThread "Thread-11"                  daemon [_thread_in_native, id=10344, stack(0x00000031fed00000,0x00000031fee00000) (1024K)]
  0x000002259a644860 JavaThread "Thread-12"                  daemon [_thread_in_native, id=13836, stack(0x00000031fee00000,0x00000031fef00000) (1024K)]
  0x000002259a645c10 JavaThread "Thread-13"                  daemon [_thread_in_native, id=12320, stack(0x00000031fef00000,0x00000031ff000000) (1024K)]
  0x000002259d814260 JavaThread "Thread-14"                  daemon [_thread_in_native, id=17284, stack(0x00000031ff000000,0x00000031ff100000) (1024K)]
  0x000002259d8148f0 JavaThread "pool-2-thread-1"                   [_thread_blocked, id=13196, stack(0x00000031ff100000,0x00000031ff200000) (1024K)]
  0x000002259d811b00 JavaThread "WorkspaceEventsHandler"            [_thread_blocked, id=16732, stack(0x00000031ff200000,0x00000031ff300000) (1024K)]
  0x000002259d80f3a0 JavaThread "pool-1-thread-1"                   [_thread_blocked, id=13044, stack(0x00000031ff300000,0x00000031ff400000) (1024K)]
  0x000002259effaaa0 JavaThread "Cleaner-0"                  daemon [_thread_blocked, id=4380, stack(0x0000003180d00000,0x0000003180e00000) (1024K)]
  0x000002259d38f990 JavaThread "ForkJoinPool.commonPool-worker-11" daemon [_thread_blocked, id=6088, stack(0x0000003180000000,0x0000003180100000) (1024K)]
  0x000002259d390020 JavaThread "ForkJoinPool.commonPool-worker-12" daemon [_thread_blocked, id=16692, stack(0x0000003180100000,0x0000003180200000) (1024K)]
  0x000002259d38a440 JavaThread "ForkJoinPool.commonPool-worker-13" daemon [_thread_blocked, id=12024, stack(0x0000003180200000,0x0000003180300000) (1024K)]
  0x000002259d389db0 JavaThread "Compiler Source File Reader" daemon [_thread_blocked, id=9192, stack(0x0000003180400000,0x0000003180500000) (1024K)]
  0x000002259d38aad0 JavaThread "Compiler Source File Reader" daemon [_thread_blocked, id=7516, stack(0x0000003180600000,0x0000003180700000) (1024K)]
  0x000002259d38be80 JavaThread "Compiler Source File Reader" daemon [_thread_blocked, id=6436, stack(0x0000003180900000,0x0000003180a00000) (1024K)]
  0x000002259d38f300 JavaThread "Compiler Source File Reader" daemon [_thread_blocked, id=12464, stack(0x0000003180a00000,0x0000003180b00000) (1024K)]
  0x000002259d389720 JavaThread "Compiler Source File Reader" daemon [_thread_blocked, id=9056, stack(0x0000003180b00000,0x0000003180c00000) (1024K)]
  0x000002259d38d230 JavaThread "Compiler Source File Reader" daemon [_thread_blocked, id=8228, stack(0x0000003180c00000,0x0000003180d00000) (1024K)]
  0x000002259d38b160 JavaThread "Compiler Source File Reader" daemon [_thread_blocked, id=2540, stack(0x0000003180e00000,0x0000003180f00000) (1024K)]
  0x000002259d38b7f0 JavaThread "Compiler Source File Reader" daemon [_thread_blocked, id=9652, stack(0x0000003180f00000,0x0000003181000000) (1024K)]
  0x000002259d38c510 JavaThread "Compiler Source File Reader" daemon [_thread_blocked, id=15516, stack(0x0000003181100000,0x0000003181200000) (1024K)]
  0x000002259d38d8c0 JavaThread "Compiler Source File Reader" daemon [_thread_blocked, id=15628, stack(0x0000003181200000,0x0000003181300000) (1024K)]
  0x000002259d80ed10 JavaThread "ForkJoinPool.commonPool-worker-14" daemon [_thread_blocked, id=2428, stack(0x0000003181400000,0x0000003181500000) (1024K)]
  0x000002259d815610 JavaThread "ForkJoinPool.commonPool-worker-15" daemon [_thread_blocked, id=7632, stack(0x0000003181600000,0x0000003181700000) (1024K)]
  0x000002259d811470 JavaThread "ForkJoinPool.commonPool-worker-16" daemon [_thread_blocked, id=10584, stack(0x0000003181700000,0x0000003181800000) (1024K)]
  0x000002259d816330 JavaThread "ForkJoinPool.commonPool-worker-17" daemon [_thread_blocked, id=2692, stack(0x0000003180500000,0x0000003180600000) (1024K)]
  0x000002259d812190 JavaThread "ForkJoinPool.commonPool-worker-18" daemon [_thread_blocked, id=9696, stack(0x0000003180800000,0x0000003180900000) (1024K)]
=>0x000002259d812820 JavaThread "ForkJoinPool.commonPool-worker-19" daemon [_thread_in_Java, id=16680, stack(0x0000003181000000,0x0000003181100000) (1024K)]
  0x000002259d812eb0 JavaThread "ForkJoinPool.commonPool-worker-20" daemon [_thread_blocked, id=8052, stack(0x0000003181300000,0x0000003181400000) (1024K)]
  0x000002259d815ca0 JavaThread "Worker-17"                         [_thread_blocked, id=5992, stack(0x0000003181800000,0x0000003181900000) (1024K)]
  0x000002259effa410 JavaThread "Worker-21"                         [_thread_blocked, id=10400, stack(0x0000003180700000,0x0000003180800000) (1024K)]
  0x00000225a09febe0 JavaThread "Java Debug Server"          daemon [_thread_in_native, id=16088, stack(0x0000003181d00000,0x0000003181e00000) (1024K)]
  0x00000225a09fdec0 JavaThread "pool-3-thread-1"                   [_thread_blocked, id=13700, stack(0x0000003181e00000,0x0000003181f00000) (1024K)]
  0x000002259effcb70 JavaThread "RxSchedulerPurge-1"         daemon [_thread_blocked, id=4728, stack(0x0000003181f00000,0x0000003182000000) (1024K)]
  0x000002259eff6f90 JavaThread "RxCachedWorkerPoolEvictor-1" daemon [_thread_blocked, id=10996, stack(0x0000003182000000,0x0000003182100000) (1024K)]
  0x000002259d38cba0 JavaThread "process reaper"             daemon [_thread_blocked, id=15952, stack(0x0000003181b00000,0x0000003181b20000) (128K)]
Total: 64

Other Threads:
  0x000002253be2ec10 VMThread "VM Thread"                           [id=2460, stack(0x00000031fc000000,0x00000031fc100000) (1024K)]
  0x000002253bbfca00 WatcherThread "VM Periodic Task Thread"        [id=13856, stack(0x00000031fbf00000,0x00000031fc000000) (1024K)]
  0x000002253bd8c670 WorkerThread "GC Thread#0"                     [id=6492, stack(0x00000031fbe00000,0x00000031fbf00000) (1024K)]
  0x000002259a871af0 WorkerThread "GC Thread#1"                     [id=8876, stack(0x00000031fcd00000,0x00000031fce00000) (1024K)]
  0x000002259a871e90 WorkerThread "GC Thread#2"                     [id=7496, stack(0x00000031fce00000,0x00000031fcf00000) (1024K)]
  0x000002259a8179c0 WorkerThread "GC Thread#3"                     [id=15920, stack(0x00000031fcf00000,0x00000031fd000000) (1024K)]
  0x000002259a6db040 WorkerThread "GC Thread#4"                     [id=16432, stack(0x00000031fd000000,0x00000031fd100000) (1024K)]
  0x000002259a6db3e0 WorkerThread "GC Thread#5"                     [id=15048, stack(0x00000031fd100000,0x00000031fd200000) (1024K)]
  0x000002259a6db780 WorkerThread "GC Thread#6"                     [id=2976, stack(0x00000031fd200000,0x00000031fd300000) (1024K)]
  0x00000225956b1730 WorkerThread "GC Thread#7"                     [id=6028, stack(0x00000031fcb00000,0x00000031fcc00000) (1024K)]
  0x000002259a37fe20 WorkerThread "GC Thread#8"                     [id=10964, stack(0x00000031fd700000,0x00000031fd800000) (1024K)]
  0x000002259a37f6e0 WorkerThread "GC Thread#9"                     [id=8924, stack(0x00000031fd800000,0x00000031fd900000) (1024K)]
Total: 12

Threads with active compile tasks:
C2 CompilerThread0  3588692 26131       4       org.eclipse.core.internal.localstore.FileSystemResourceManager::allResourcesFor (202 bytes)
Total: 1

VM state: not at safepoint (normal execution)

VM Mutex/Monitor currently owned by a thread: None

Heap address: 0x0000000080000000, size: 2048 MB, Compressed Oops mode: 32-bit

CDS archive(s) mapped at: [0x0000022553000000-0x0000022553ba0000-0x0000022553ba0000), size 12189696, SharedBaseAddress: 0x0000022553000000, ArchiveRelocationMode: 1.
Compressed class space mapped at: 0x0000022554000000-0x0000022594000000, reserved size: 1073741824
Narrow klass base: 0x0000022553000000, Narrow klass shift: 0, Narrow klass range: 0x100000000

GC Precious Log:
 CardTable entry size: 512
 CPUs: 12 total, 12 available
 Memory: 18277M
 Large Page Support: Disabled
 NUMA Support: Disabled
 Compressed Oops: Enabled (32-bit)
 Alignments: Space 512K, Generation 512K, Heap 2M
 Heap Min Capacity: 100M
 Heap Initial Capacity: 100M
 Heap Max Capacity: 2G
 Pre-touch: Disabled
 Parallel Workers: 10

Heap:
 PSYoungGen      total 3072K, used 678K [0x00000000d5580000, 0x00000000d5a00000, 0x0000000100000000)
  eden space 2048K, 1% used [0x00000000d5580000,0x00000000d5589b68,0x00000000d5780000)
  from space 1024K, 62% used [0x00000000d5900000,0x00000000d59a0000,0x00000000d5a00000)
  to   space 1024K, 0% used [0x00000000d5800000,0x00000000d5800000,0x00000000d5900000)
 ParOldGen       total 356352K, used 355943K [0x0000000080000000, 0x0000000095c00000, 0x00000000d5580000)
  object space 356352K, 99% used [0x0000000080000000,0x0000000095b99ff0,0x0000000095c00000)
 Metaspace       used 90616K, committed 92160K, reserved 1179648K
  class space    used 9053K, committed 9792K, reserved 1048576K

Card table byte_map: [0x000002253b710000,0x000002253bb20000] _byte_map_base: 0x000002253b310000

Marking Bits: (ParMarkBitMap*) 0x00007ffe0cdba340
 Begin Bits: [0x000002254e210000, 0x0000022550210000)
 End Bits:   [0x0000022550210000, 0x0000022552210000)

Polling page: 0x0000022539c10000

Metaspace:

Usage:
  Non-class:     79.65 MB used.
      Class:      8.84 MB used.
       Both:     88.49 MB used.

Virtual space:
  Non-class space:      128.00 MB reserved,      80.44 MB ( 63%) committed,  2 nodes.
      Class space:        1.00 GB reserved,       9.56 MB ( <1%) committed,  1 nodes.
             Both:        1.12 GB reserved,      90.00 MB (  8%) committed. 

Chunk freelists:
   Non-Class:  15.61 MB
       Class:  6.26 MB
        Both:  21.87 MB

MaxMetaspaceSize: unlimited
CompressedClassSpaceSize: 1.00 GB
Initial GC threshold: 21.00 MB
Current GC threshold: 145.44 MB
CDS: on
 - commit_granule_bytes: 65536.
 - commit_granule_words: 8192.
 - virtual_space_node_default_size: 8388608.
 - enlarge_chunks_in_place: 1.
 - use_allocation_guard: 0.


Internal statistics:

num_allocs_failed_limit: 9.
num_arena_births: 1838.
num_arena_deaths: 392.
num_vsnodes_births: 3.
num_vsnodes_deaths: 0.
num_space_committed: 1440.
num_space_uncommitted: 0.
num_chunks_returned_to_freelist: 440.
num_chunks_taken_from_freelist: 6530.
num_chunk_merges: 123.
num_chunk_splits: 3762.
num_chunks_enlarged: 2034.
num_inconsistent_stats: 0.

CodeHeap 'non-profiled nmethods': size=120000Kb used=19466Kb max_used=23607Kb free=100533Kb
 bounds [0x0000022546a30000, 0x0000022548140000, 0x000002254df60000]
CodeHeap 'profiled nmethods': size=120000Kb used=30504Kb max_used=50053Kb free=89495Kb
 bounds [0x000002253ef60000, 0x0000022542080000, 0x0000022546490000]
CodeHeap 'non-nmethods': size=5760Kb used=1528Kb max_used=1586Kb free=4231Kb
 bounds [0x0000022546490000, 0x0000022546700000, 0x0000022546a30000]
CodeCache: size=245760Kb, used=51498Kb, max_used=75246Kb, free=194259Kb
 total_blobs=13713, nmethods=12863, adapters=750, full_count=0
Compilation: enabled, stopped_count=0, restarted_count=0

Compilation events (20 events):
Event: 3587.023 Thread 0x000002259567ef50 nmethod 26121 0x0000022546b59c90 code [0x0000022546b59e20, 0x0000022546b59eb0]
Event: 3588.033 Thread 0x00000225956a03f0 26123       1       org.eclipse.core.internal.registry.RegistryObject::getObjectId (5 bytes)
Event: 3588.033 Thread 0x00000225956a03f0 nmethod 26123 0x0000022546b61390 code [0x0000022546b61520, 0x0000022546b615e8]
Event: 3588.034 Thread 0x000002259567ef50 26124       4       org.eclipse.osgi.container.ModuleRevision::getWiring (12 bytes)
Event: 3588.043 Thread 0x000002259567ef50 nmethod 26124 0x0000022546b7d490 code [0x0000022546b7d720, 0x0000022546b7e0d8]
Event: 3588.290 Thread 0x000002259567ef50 26125       4       java.util.concurrent.ForkJoinPool::getAndAddCtl (12 bytes)
Event: 3588.290 Thread 0x00000225956a03f0 26126       3       java.util.concurrent.ForkJoinPool$WorkQueue::releaseAccess (12 bytes)
Event: 3588.290 Thread 0x000002259567ef50 nmethod 26125 0x0000022546b62210 code [0x0000022546b623a0, 0x0000022546b62438]
Event: 3588.290 Thread 0x00000225956a03f0 nmethod 26126 0x000002253f2f9690 code [0x000002253f2f9840, 0x000002253f2f99a0]
Event: 3588.384 Thread 0x000002259567ef50 26127       4       org.eclipse.lsp4j.jsonrpc.json.adapters.CollectionTypeAdapter::write (123 bytes)
Event: 3588.394 Thread 0x000002259567ef50 nmethod 26127 0x0000022546d48810 code [0x0000022546d48b60, 0x0000022546d49c08]
Event: 3588.432 Thread 0x000002259567ef50 26128       4       org.eclipse.core.internal.localstore.FileSystemResourceManager::resourceFor (83 bytes)
Event: 3588.435 Thread 0x000002259567ef50 nmethod 26128 0x0000022546cc7b10 code [0x0000022546cc7d20, 0x0000022546cc81e8]
Event: 3588.482 Thread 0x000002259567ef50 26129       4       org.eclipse.lsp4j.jsonrpc.messages.Either::isLeft (13 bytes)
Event: 3588.482 Thread 0x000002259567ef50 nmethod 26129 0x0000022546b66190 code [0x0000022546b66320, 0x0000022546b663b0]
Event: 3588.660 Thread 0x00000225956a03f0 26130       3       com.google.gson.stream.JsonReader::peekNumber (486 bytes)
Event: 3588.660 Thread 0x000002259567ef50 26131       4       org.eclipse.core.internal.localstore.FileSystemResourceManager::allResourcesFor (202 bytes)
Event: 3588.660 Thread 0x00000225956a03f0 nmethod 26130 0x000002253f141010 code [0x000002253f141280, 0x000002253f141ff8]
Event: 3588.661 Thread 0x00000225956a03f0 26133       3       org.eclipse.jdt.internal.compiler.util.HashtableOfType::<init> (49 bytes)
Event: 3588.662 Thread 0x00000225956a03f0 nmethod 26133 0x000002253fb23290 code [0x000002253fb23460, 0x000002253fb23790]

GC Heap History (20 events):
Event: 3588.309 GC heap before
{Heap before GC invocations=6720 (full 8):
 PSYoungGen      total 1536K, used 1280K [0x00000000d5580000, 0x00000000d5900000, 0x0000000100000000)
  eden space 1024K, 100% used [0x00000000d5580000,0x00000000d5680000,0x00000000d5680000)
  from space 512K, 50% used [0x00000000d5880000,0x00000000d58c0000,0x00000000d5900000)
  to   space 1024K, 0% used [0x00000000d5700000,0x00000000d5700000,0x00000000d5800000)
 ParOldGen       total 348672K, used 348235K [0x0000000080000000, 0x0000000095480000, 0x00000000d5580000)
  object space 348672K, 99% used [0x0000000080000000,0x0000000095412d50,0x0000000095480000)
 Metaspace       used 90616K, committed 92160K, reserved 1179648K
  class space    used 9053K, committed 9792K, reserved 1048576K
}
Event: 3588.310 GC heap after
{Heap after GC invocations=6720 (full 8):
 PSYoungGen      total 2560K, used 1007K [0x00000000d5580000, 0x00000000d5a00000, 0x0000000100000000)
  eden space 1536K, 0% used [0x00000000d5580000,0x00000000d5580000,0x00000000d5700000)
  from space 1024K, 98% used [0x00000000d5700000,0x00000000d57fbc30,0x00000000d5800000)
  to   space 1536K, 0% used [0x00000000d5880000,0x00000000d5880000,0x00000000d5a00000)
 ParOldGen       total 348672K, used 348369K [0x0000000080000000, 0x0000000095480000, 0x00000000d5580000)
  object space 348672K, 99% used [0x0000000080000000,0x0000000095434790,0x0000000095480000)
 Metaspace       used 90616K, committed 92160K, reserved 1179648K
  class space    used 9053K, committed 9792K, reserved 1048576K
}
Event: 3588.313 GC heap before
{Heap before GC invocations=6721 (full 8):
 PSYoungGen      total 2560K, used 2543K [0x00000000d5580000, 0x00000000d5a00000, 0x0000000100000000)
  eden space 1536K, 100% used [0x00000000d5580000,0x00000000d5700000,0x00000000d5700000)
  from space 1024K, 98% used [0x00000000d5700000,0x00000000d57fbc30,0x00000000d5800000)
  to   space 1536K, 0% used [0x00000000d5880000,0x00000000d5880000,0x00000000d5a00000)
 ParOldGen       total 348672K, used 348369K [0x0000000080000000, 0x0000000095480000, 0x00000000d5580000)
  object space 348672K, 99% used [0x0000000080000000,0x0000000095434790,0x0000000095480000)
 Metaspace       used 90616K, committed 92160K, reserved 1179648K
  class space    used 9053K, committed 9792K, reserved 1048576K
}
Event: 3588.315 GC heap after
{Heap after GC invocations=6721 (full 8):
 PSYoungGen      total 2048K, used 1536K [0x00000000d5580000, 0x00000000d5d80000, 0x0000000100000000)
  eden space 512K, 0% used [0x00000000d5580000,0x00000000d5580000,0x00000000d5600000)
  from space 1536K, 100% used [0x00000000d5880000,0x00000000d5a00000,0x00000000d5a00000)
  to   space 2560K, 0% used [0x00000000d5600000,0x00000000d5600000,0x00000000d5880000)
 ParOldGen       total 349696K, used 349248K [0x0000000080000000, 0x0000000095580000, 0x00000000d5580000)
  object space 349696K, 99% used [0x0000000080000000,0x00000000955103c0,0x0000000095580000)
 Metaspace       used 90616K, committed 92160K, reserved 1179648K
  class space    used 9053K, committed 9792K, reserved 1048576K
}
Event: 3588.316 GC heap before
{Heap before GC invocations=6722 (full 8):
 PSYoungGen      total 2048K, used 2048K [0x00000000d5580000, 0x00000000d5d80000, 0x0000000100000000)
  eden space 512K, 100% used [0x00000000d5580000,0x00000000d5600000,0x00000000d5600000)
  from space 1536K, 100% used [0x00000000d5880000,0x00000000d5a00000,0x00000000d5a00000)
  to   space 2560K, 0% used [0x00000000d5600000,0x00000000d5600000,0x00000000d5880000)
 ParOldGen       total 349696K, used 349248K [0x0000000080000000, 0x0000000095580000, 0x00000000d5580000)
  object space 349696K, 99% used [0x0000000080000000,0x00000000955103c0,0x0000000095580000)
 Metaspace       used 90616K, committed 92160K, reserved 1179648K
  class space    used 9053K, committed 9792K, reserved 1048576K
}
Event: 3588.318 GC heap after
{Heap after GC invocations=6722 (full 8):
 PSYoungGen      total 1536K, used 704K [0x00000000d5580000, 0x00000000d5980000, 0x0000000100000000)
  eden space 512K, 0% used [0x00000000d5580000,0x00000000d5580000,0x00000000d5600000)
  from space 1024K, 68% used [0x00000000d5600000,0x00000000d56b0000,0x00000000d5700000)
  to   space 1536K, 0% used [0x00000000d5800000,0x00000000d5800000,0x00000000d5980000)
 ParOldGen       total 351232K, used 350760K [0x0000000080000000, 0x0000000095700000, 0x00000000d5580000)
  object space 351232K, 99% used [0x0000000080000000,0x000000009568a3c0,0x0000000095700000)
 Metaspace       used 90616K, committed 92160K, reserved 1179648K
  class space    used 9053K, committed 9792K, reserved 1048576K
}
Event: 3588.318 GC heap before
{Heap before GC invocations=6723 (full 8):
 PSYoungGen      total 1536K, used 1216K [0x00000000d5580000, 0x00000000d5980000, 0x0000000100000000)
  eden space 512K, 100% used [0x00000000d5580000,0x00000000d5600000,0x00000000d5600000)
  from space 1024K, 68% used [0x00000000d5600000,0x00000000d56b0000,0x00000000d5700000)
  to   space 1536K, 0% used [0x00000000d5800000,0x00000000d5800000,0x00000000d5980000)
 ParOldGen       total 351232K, used 350760K [0x0000000080000000, 0x0000000095700000, 0x00000000d5580000)
  object space 351232K, 99% used [0x0000000080000000,0x000000009568a3c0,0x0000000095700000)
 Metaspace       used 90616K, committed 92160K, reserved 1179648K
  class space    used 9053K, committed 9792K, reserved 1048576K
}
Event: 3588.320 GC heap after
{Heap after GC invocations=6723 (full 8):
 PSYoungGen      total 2048K, used 672K [0x00000000d5580000, 0x00000000d5900000, 0x0000000100000000)
  eden space 1024K, 0% used [0x00000000d5580000,0x00000000d5580000,0x00000000d5680000)
  from space 1024K, 65% used [0x00000000d5800000,0x00000000d58a8000,0x00000000d5900000)
  to   space 1024K, 0% used [0x00000000d5700000,0x00000000d5700000,0x00000000d5800000)
 ParOldGen       total 351744K, used 351280K [0x0000000080000000, 0x0000000095780000, 0x00000000d5580000)
  object space 351744K, 99% used [0x0000000080000000,0x000000009570c3c0,0x0000000095780000)
 Metaspace       used 90616K, committed 92160K, reserved 1179648K
  class space    used 9053K, committed 9792K, reserved 1048576K
}
Event: 3588.327 GC heap before
{Heap before GC invocations=6724 (full 8):
 PSYoungGen      total 2048K, used 1696K [0x00000000d5580000, 0x00000000d5900000, 0x0000000100000000)
  eden space 1024K, 100% used [0x00000000d5580000,0x00000000d5680000,0x00000000d5680000)
  from space 1024K, 65% used [0x00000000d5800000,0x00000000d58a8000,0x00000000d5900000)
  to   space 1024K, 0% used [0x00000000d5700000,0x00000000d5700000,0x00000000d5800000)
 ParOldGen       total 351744K, used 351280K [0x0000000080000000, 0x0000000095780000, 0x00000000d5580000)
  object space 351744K, 99% used [0x0000000080000000,0x000000009570c3c0,0x0000000095780000)
 Metaspace       used 90616K, committed 92160K, reserved 1179648K
  class space    used 9053K, committed 9792K, reserved 1048576K
}
Event: 3588.328 GC heap after
{Heap after GC invocations=6724 (full 8):
 PSYoungGen      total 2560K, used 864K [0x00000000d5580000, 0x00000000d5900000, 0x0000000100000000)
  eden space 1536K, 0% used [0x00000000d5580000,0x00000000d5580000,0x00000000d5700000)
  from space 1024K, 84% used [0x00000000d5700000,0x00000000d57d8000,0x00000000d5800000)
  to   space 1024K, 0% used [0x00000000d5800000,0x00000000d5800000,0x00000000d5900000)
 ParOldGen       total 352256K, used 351808K [0x0000000080000000, 0x0000000095800000, 0x00000000d5580000)
  object space 352256K, 99% used [0x0000000080000000,0x00000000957903c0,0x0000000095800000)
 Metaspace       used 90616K, committed 92160K, reserved 1179648K
  class space    used 9053K, committed 9792K, reserved 1048576K
}
Event: 3588.331 GC heap before
{Heap before GC invocations=6725 (full 8):
 PSYoungGen      total 2560K, used 2400K [0x00000000d5580000, 0x00000000d5900000, 0x0000000100000000)
  eden space 1536K, 100% used [0x00000000d5580000,0x00000000d5700000,0x00000000d5700000)
  from space 1024K, 84% used [0x00000000d5700000,0x00000000d57d8000,0x00000000d5800000)
  to   space 1024K, 0% used [0x00000000d5800000,0x00000000d5800000,0x00000000d5900000)
 ParOldGen       total 352256K, used 351808K [0x0000000080000000, 0x0000000095800000, 0x00000000d5580000)
  object space 352256K, 99% used [0x0000000080000000,0x00000000957903c0,0x0000000095800000)
 Metaspace       used 90616K, committed 92160K, reserved 1179648K
  class space    used 9053K, committed 9792K, reserved 1048576K
}
Event: 3588.333 GC heap after
{Heap after GC invocations=6725 (full 8):
 PSYoungGen      total 1536K, used 1007K [0x00000000d5580000, 0x00000000d5c80000, 0x0000000100000000)
  eden space 512K, 0% used [0x00000000d5580000,0x00000000d5580000,0x00000000d5600000)
  from space 1024K, 98% used [0x00000000d5800000,0x00000000d58fbc30,0x00000000d5900000)
  to   space 2048K, 0% used [0x00000000d5600000,0x00000000d5600000,0x00000000d5800000)
 ParOldGen       total 353280K, used 352832K [0x0000000080000000, 0x0000000095900000, 0x00000000d5580000)
  object space 353280K, 99% used [0x0000000080000000,0x00000000958903c0,0x0000000095900000)
 Metaspace       used 90616K, committed 92160K, reserved 1179648K
  class space    used 9053K, committed 9792K, reserved 1048576K
}
Event: 3588.334 GC heap before
{Heap before GC invocations=6726 (full 8):
 PSYoungGen      total 1536K, used 1519K [0x00000000d5580000, 0x00000000d5c80000, 0x0000000100000000)
  eden space 512K, 100% used [0x00000000d5580000,0x00000000d5600000,0x00000000d5600000)
  from space 1024K, 98% used [0x00000000d5800000,0x00000000d58fbc30,0x00000000d5900000)
  to   space 2048K, 0% used [0x00000000d5600000,0x00000000d5600000,0x00000000d5800000)
 ParOldGen       total 353280K, used 352832K [0x0000000080000000, 0x0000000095900000, 0x00000000d5580000)
  object space 353280K, 99% used [0x0000000080000000,0x00000000958903c0,0x0000000095900000)
 Metaspace       used 90616K, committed 92160K, reserved 1179648K
  class space    used 9053K, committed 9792K, reserved 1048576K
}
Event: 3588.336 GC heap after
{Heap after GC invocations=6726 (full 8):
 PSYoungGen      total 2560K, used 640K [0x00000000d5580000, 0x00000000d5980000, 0x0000000100000000)
  eden space 512K, 0% used [0x00000000d5580000,0x00000000d5580000,0x00000000d5600000)
  from space 2048K, 31% used [0x00000000d5600000,0x00000000d56a0000,0x00000000d5800000)
  to   space 1536K, 0% used [0x00000000d5800000,0x00000000d5800000,0x00000000d5980000)
 ParOldGen       total 354304K, used 353887K [0x0000000080000000, 0x0000000095a00000, 0x00000000d5580000)
  object space 354304K, 99% used [0x0000000080000000,0x0000000095997ff0,0x0000000095a00000)
 Metaspace       used 90616K, committed 92160K, reserved 1179648K
  class space    used 9053K, committed 9792K, reserved 1048576K
}
Event: 3588.337 GC heap before
{Heap before GC invocations=6727 (full 8):
 PSYoungGen      total 2560K, used 1152K [0x00000000d5580000, 0x00000000d5980000, 0x0000000100000000)
  eden space 512K, 100% used [0x00000000d5580000,0x00000000d5600000,0x00000000d5600000)
  from space 2048K, 31% used [0x00000000d5600000,0x00000000d56a0000,0x00000000d5800000)
  to   space 1536K, 0% used [0x00000000d5800000,0x00000000d5800000,0x00000000d5980000)
 ParOldGen       total 354304K, used 353887K [0x0000000080000000, 0x0000000095a00000, 0x00000000d5580000)
  object space 354304K, 99% used [0x0000000080000000,0x0000000095997ff0,0x0000000095a00000)
 Metaspace       used 90616K, committed 92160K, reserved 1179648K
  class space    used 9053K, committed 9792K, reserved 1048576K
}
Event: 3588.338 GC heap after
{Heap after GC invocations=6727 (full 8):
 PSYoungGen      total 2048K, used 640K [0x00000000d5580000, 0x00000000d5900000, 0x0000000100000000)
  eden space 1024K, 0% used [0x00000000d5580000,0x00000000d5580000,0x00000000d5680000)
  from space 1024K, 62% used [0x00000000d5800000,0x00000000d58a0000,0x00000000d5900000)
  to   space 1024K, 0% used [0x00000000d5700000,0x00000000d5700000,0x00000000d5800000)
 ParOldGen       total 354816K, used 354399K [0x0000000080000000, 0x0000000095a80000, 0x00000000d5580000)
  object space 354816K, 99% used [0x0000000080000000,0x0000000095a17ff0,0x0000000095a80000)
 Metaspace       used 90616K, committed 92160K, reserved 1179648K
  class space    used 9053K, committed 9792K, reserved 1048576K
}
Event: 3588.340 GC heap before
{Heap before GC invocations=6728 (full 8):
 PSYoungGen      total 2048K, used 1664K [0x00000000d5580000, 0x00000000d5900000, 0x0000000100000000)
  eden space 1024K, 100% used [0x00000000d5580000,0x00000000d5680000,0x00000000d5680000)
  from space 1024K, 62% used [0x00000000d5800000,0x00000000d58a0000,0x00000000d5900000)
  to   space 1024K, 0% used [0x00000000d5700000,0x00000000d5700000,0x00000000d5800000)
 ParOldGen       total 354816K, used 354399K [0x0000000080000000, 0x0000000095a80000, 0x00000000d5580000)
  object space 354816K, 99% used [0x0000000080000000,0x0000000095a17ff0,0x0000000095a80000)
 Metaspace       used 90616K, committed 92160K, reserved 1179648K
  class space    used 9053K, committed 9792K, reserved 1048576K
}
Event: 3588.341 GC heap after
{Heap after GC invocations=6728 (full 8):
 PSYoungGen      total 2560K, used 1024K [0x00000000d5580000, 0x00000000d5b00000, 0x0000000100000000)
  eden space 1536K, 0% used [0x00000000d5580000,0x00000000d5580000,0x00000000d5700000)
  from space 1024K, 100% used [0x00000000d5700000,0x00000000d5800000,0x00000000d5800000)
  to   space 2048K, 0% used [0x00000000d5900000,0x00000000d5900000,0x00000000d5b00000)
 ParOldGen       total 355328K, used 354943K [0x0000000080000000, 0x0000000095b00000, 0x00000000d5580000)
  object space 355328K, 99% used [0x0000000080000000,0x0000000095a9fff0,0x0000000095b00000)
 Metaspace       used 90616K, committed 92160K, reserved 1179648K
  class space    used 9053K, committed 9792K, reserved 1048576K
}
Event: 3588.662 GC heap before
{Heap before GC invocations=6729 (full 8):
 PSYoungGen      total 2560K, used 2560K [0x00000000d5580000, 0x00000000d5b00000, 0x0000000100000000)
  eden space 1536K, 100% used [0x00000000d5580000,0x00000000d5700000,0x00000000d5700000)
  from space 1024K, 100% used [0x00000000d5700000,0x00000000d5800000,0x00000000d5800000)
  to   space 2048K, 0% used [0x00000000d5900000,0x00000000d5900000,0x00000000d5b00000)
 ParOldGen       total 355328K, used 354943K [0x0000000080000000, 0x0000000095b00000, 0x00000000d5580000)
  object space 355328K, 99% used [0x0000000080000000,0x0000000095a9fff0,0x0000000095b00000)
 Metaspace       used 90616K, committed 92160K, reserved 1179648K
  class space    used 9053K, committed 9792K, reserved 1048576K
}
Event: 3588.663 GC heap after
{Heap after GC invocations=6729 (full 8):
 PSYoungGen      total 3072K, used 640K [0x00000000d5580000, 0x00000000d5a00000, 0x0000000100000000)
  eden space 2048K, 0% used [0x00000000d5580000,0x00000000d5580000,0x00000000d5780000)
  from space 1024K, 62% used [0x00000000d5900000,0x00000000d59a0000,0x00000000d5a00000)
  to   space 1024K, 0% used [0x00000000d5800000,0x00000000d5800000,0x00000000d5900000)
 ParOldGen       total 356352K, used 355943K [0x0000000080000000, 0x0000000095c00000, 0x00000000d5580000)
  object space 356352K, 99% used [0x0000000080000000,0x0000000095b99ff0,0x0000000095c00000)
 Metaspace       used 90616K, committed 92160K, reserved 1179648K
  class space    used 9053K, committed 9792K, reserved 1048576K
}

Dll operation events (12 events):
Event: 0.011 Loaded shared library c:\Users\rpriy\.vscode\extensions\redhat.java-1.44.0-win32-x64\jre\21.0.8-win32-x86_64\bin\java.dll
Event: 0.111 Loaded shared library c:\Users\rpriy\.vscode\extensions\redhat.java-1.44.0-win32-x64\jre\21.0.8-win32-x86_64\bin\zip.dll
Event: 0.148 Loaded shared library C:\Users\rpriy\.vscode\extensions\redhat.java-1.44.0-win32-x64\jre\21.0.8-win32-x86_64\bin\instrument.dll
Event: 0.155 Loaded shared library C:\Users\rpriy\.vscode\extensions\redhat.java-1.44.0-win32-x64\jre\21.0.8-win32-x86_64\bin\net.dll
Event: 0.158 Loaded shared library C:\Users\rpriy\.vscode\extensions\redhat.java-1.44.0-win32-x64\jre\21.0.8-win32-x86_64\bin\nio.dll
Event: 0.163 Loaded shared library C:\Users\rpriy\.vscode\extensions\redhat.java-1.44.0-win32-x64\jre\21.0.8-win32-x86_64\bin\zip.dll
Event: 0.188 Loaded shared library C:\Users\rpriy\.vscode\extensions\redhat.java-1.44.0-win32-x64\jre\21.0.8-win32-x86_64\bin\jimage.dll
Event: 0.301 Loaded shared library c:\Users\rpriy\.vscode\extensions\redhat.java-1.44.0-win32-x64\jre\21.0.8-win32-x86_64\bin\verify.dll
Event: 5.828 Loaded shared library C:\Users\rpriy\AppData\Roaming\Code\User\globalStorage\redhat.java\1.44.0\config_win\org.eclipse.equinox.launcher\org.eclipse.equinox.launcher.win32.win32.x86_64_1.2.1400.v20250730-1736\eclipse_11913.dll
Event: 14.411 Loaded shared library C:\Users\rpriy\AppData\Local\Temp\jna-108730916\jna5357240658285323395.dll
Event: 23.445 Loaded shared library C:\Users\rpriy\.vscode\extensions\redhat.java-1.44.0-win32-x64\jre\21.0.8-win32-x86_64\bin\sunmscapi.dll
Event: 53.133 Loaded shared library C:\Users\rpriy\.vscode\extensions\redhat.java-1.44.0-win32-x64\jre\21.0.8-win32-x86_64\bin\extnet.dll

Deoptimization events (20 events):
Event: 3568.215 Thread 0x000002259d812820 Uncommon trap: trap_request=0xffffffc6 fr.pc=0x0000022547e5eb80 relative=0x0000000000000320
Event: 3568.215 Thread 0x000002259d812820 Uncommon trap: reason=bimorphic_or_optimized_type_check action=maybe_recompile pc=0x0000022547e5eb80 method=org.eclipse.jdt.internal.compiler.ast.Expression.computeConversion(Lorg/eclipse/jdt/internal/compiler/lookup/Scope;Lorg/eclipse/jdt/internal/compil
Event: 3568.215 Thread 0x000002259d812820 DEOPT PACKING pc=0x0000022547e5eb80 sp=0x00000031810fde70
Event: 3568.215 Thread 0x000002259d812820 DEOPT UNPACKING pc=0x00000225464e3aa2 sp=0x00000031810fde10 mode 2
Event: 3568.215 Thread 0x000002259d812820 Uncommon trap: trap_request=0xffffffde fr.pc=0x0000022546e9ef04 relative=0x0000000000000544
Event: 3568.215 Thread 0x000002259d812820 Uncommon trap: reason=class_check action=maybe_recompile pc=0x0000022546e9ef04 method=org.eclipse.jdt.internal.compiler.ast.ASTNode.checkInvocationArguments(Lorg/eclipse/jdt/internal/compiler/lookup/BlockScope;Lorg/eclipse/jdt/internal/compiler/ast/Expres
Event: 3568.215 Thread 0x000002259d812820 DEOPT PACKING pc=0x0000022546e9ef04 sp=0x00000031810fded0
Event: 3568.215 Thread 0x000002259d812820 DEOPT UNPACKING pc=0x00000225464e3aa2 sp=0x00000031810fde30 mode 2
Event: 3568.215 Thread 0x000002259d812820 Uncommon trap: trap_request=0xffffffc6 fr.pc=0x0000022546c8a0fc relative=0x000000000000017c
Event: 3568.215 Thread 0x000002259d812820 Uncommon trap: reason=bimorphic_or_optimized_type_check action=maybe_recompile pc=0x0000022546c8a0fc method=org.eclipse.jdt.internal.compiler.ast.MessageSend.computeConversion(Lorg/eclipse/jdt/internal/compiler/lookup/Scope;Lorg/eclipse/jdt/internal/compi
Event: 3568.215 Thread 0x000002259d812820 DEOPT PACKING pc=0x0000022546c8a0fc sp=0x00000031810fdfb0
Event: 3568.215 Thread 0x000002259d812820 DEOPT UNPACKING pc=0x00000225464e3aa2 sp=0x00000031810fdf58 mode 2
Event: 3582.149 Thread 0x000002259eff89d0 DEOPT PACKING pc=0x000002254004e14c sp=0x00000031815ff140
Event: 3582.149 Thread 0x000002259eff89d0 DEOPT UNPACKING pc=0x00000225464e4242 sp=0x00000031815fe600 mode 0
Event: 3582.629 Thread 0x000002259eff9060 DEOPT PACKING pc=0x000002254046884c sp=0x0000003181afef70
Event: 3582.629 Thread 0x000002259eff9060 DEOPT UNPACKING pc=0x00000225464e4242 sp=0x0000003181afe4e8 mode 0
Event: 3582.629 Thread 0x000002259effd890 DEOPT PACKING pc=0x000002254046884c sp=0x00000031819ff310
Event: 3582.629 Thread 0x000002259effd890 DEOPT UNPACKING pc=0x00000225464e4242 sp=0x00000031819fe888 mode 0
Event: 3582.629 Thread 0x000002259eff6270 DEOPT PACKING pc=0x000002254046884c sp=0x00000031803ff590
Event: 3582.629 Thread 0x000002259eff6270 DEOPT UNPACKING pc=0x00000225464e4242 sp=0x00000031803feb08 mode 0

Classes loaded (20 events):
Event: 3532.198 Loading class java/util/stream/SliceOps
Event: 3532.199 Loading class java/util/stream/SliceOps done
Event: 3532.199 Loading class java/util/stream/SliceOps$1
Event: 3532.199 Loading class java/util/stream/SliceOps$1 done
Event: 3532.202 Loading class java/util/stream/SliceOps$1$1
Event: 3532.202 Loading class java/util/stream/SliceOps$1$1 done
Event: 3532.210 Loading class java/util/concurrent/CompletableFuture$UniWhenComplete
Event: 3532.210 Loading class java/util/concurrent/CompletableFuture$UniWhenComplete done
Event: 3532.211 Loading class java/util/concurrent/CompletableFuture$UniCompose
Event: 3532.211 Loading class java/util/concurrent/CompletableFuture$UniCompose done
Event: 3532.211 Loading class java/util/concurrent/CompletableFuture$UniRelay
Event: 3532.211 Loading class java/util/concurrent/CompletableFuture$UniRelay done
Event: 3533.051 Loading class java/util/concurrent/ScheduledThreadPoolExecutor$DelayedWorkQueue$Itr
Event: 3533.051 Loading class java/util/concurrent/ScheduledThreadPoolExecutor$DelayedWorkQueue$Itr done
Event: 3533.141 Loading class java/lang/ProcessHandleImpl$ExitCompletion
Event: 3533.142 Loading class java/lang/ProcessHandleImpl$ExitCompletion done
Event: 3533.142 Loading class java/lang/ProcessHandleImpl$1
Event: 3533.142 Loading class java/lang/ProcessHandleImpl$1 done
Event: 3533.142 Loading class java/util/concurrent/CompletableFuture$UniHandle
Event: 3533.142 Loading class java/util/concurrent/CompletableFuture$UniHandle done

Classes unloaded (20 events):
Event: 3381.706 Thread 0x000002253be2ec10 Unloading class 0x0000022554014800 'java/lang/invoke/LambdaForm$MH+0x0000022554014800'
Event: 3381.706 Thread 0x000002253be2ec10 Unloading class 0x000002255400d800 'java/lang/invoke/LambdaForm$MH+0x000002255400d800'
Event: 3381.706 Thread 0x000002253be2ec10 Unloading class 0x000002255400d400 'java/lang/invoke/LambdaForm$MH+0x000002255400d400'
Event: 3381.706 Thread 0x000002253be2ec10 Unloading class 0x000002255400d000 'java/lang/invoke/LambdaForm$MH+0x000002255400d000'
Event: 3381.706 Thread 0x000002253be2ec10 Unloading class 0x000002255400cc00 'java/lang/invoke/LambdaForm$MH+0x000002255400cc00'
Event: 3381.706 Thread 0x000002253be2ec10 Unloading class 0x000002255400c800 'java/lang/invoke/LambdaForm$BMH+0x000002255400c800'
Event: 3381.706 Thread 0x000002253be2ec10 Unloading class 0x000002255400c000 'java/lang/invoke/LambdaForm$DMH+0x000002255400c000'
Event: 3381.706 Thread 0x000002253be2ec10 Unloading class 0x0000022554008c00 'java/lang/invoke/LambdaForm$MH+0x0000022554008c00'
Event: 3381.706 Thread 0x000002253be2ec10 Unloading class 0x0000022554008800 'java/lang/invoke/LambdaForm$MH+0x0000022554008800'
Event: 3381.706 Thread 0x000002253be2ec10 Unloading class 0x0000022554008400 'java/lang/invoke/LambdaForm$MH+0x0000022554008400'
Event: 3381.706 Thread 0x000002253be2ec10 Unloading class 0x0000022554007000 'java/lang/invoke/LambdaForm$MH+0x0000022554007000'
Event: 3381.706 Thread 0x000002253be2ec10 Unloading class 0x0000022554006800 'java/lang/invoke/LambdaForm$MH+0x0000022554006800'
Event: 3381.706 Thread 0x000002253be2ec10 Unloading class 0x0000022554006400 'java/lang/invoke/LambdaForm$MH+0x0000022554006400'
Event: 3381.706 Thread 0x000002253be2ec10 Unloading class 0x0000022554006000 'java/lang/invoke/LambdaForm$MH+0x0000022554006000'
Event: 3381.706 Thread 0x000002253be2ec10 Unloading class 0x0000022554005c00 'java/lang/invoke/LambdaForm$BMH+0x0000022554005c00'
Event: 3381.706 Thread 0x000002253be2ec10 Unloading class 0x0000022554004800 'java/lang/invoke/LambdaForm$DMH+0x0000022554004800'
Event: 3381.706 Thread 0x000002253be2ec10 Unloading class 0x0000022554002400 'java/lang/invoke/LambdaForm$MH+0x0000022554002400'
Event: 3381.706 Thread 0x000002253be2ec10 Unloading class 0x0000022554002000 'java/lang/invoke/LambdaForm$MH+0x0000022554002000'
Event: 3381.706 Thread 0x000002253be2ec10 Unloading class 0x0000022554001800 'java/lang/invoke/LambdaForm$MH+0x0000022554001800'
Event: 3381.706 Thread 0x000002253be2ec10 Unloading class 0x0000022554000400 'java/lang/invoke/LambdaForm$MH+0x0000022554000400'

Classes redefined (0 events):
No events

Internal exceptions (20 events):
Event: 3531.821 Thread 0x000002259d811470 Exception <a 'java/lang/NoSuchMethodError'{0x00000000d572f5b0}: 'void java.lang.invoke.DelegatingMethodHandle$Holder.reinvoke_L(java.lang.Object, java.lang.Object, int)'> (0x00000000d572f5b0) 
thrown [s\src\hotspot\share\interpreter\linkResolver.cpp, line 773]
Event: 3531.830 Thread 0x000002259d811470 Implicit null exception at 0x00000225471d45b9 to 0x00000225471d4824
Event: 3531.839 Thread 0x000002259d811470 Implicit null exception at 0x0000022546e474b5 to 0x0000022546e4772d
Event: 3531.840 Thread 0x000002259d811470 Implicit null exception at 0x0000022547b9a225 to 0x0000022547b9a5fc
Event: 3531.842 Thread 0x000002259d811470 Implicit null exception at 0x0000022547ab99f4 to 0x0000022547abd918
Event: 3531.853 Thread 0x000002259d811470 Implicit null exception at 0x00000225479ca39a to 0x00000225479ca870
Event: 3531.855 Thread 0x000002259d811470 Exception <a 'sun/nio/fs/WindowsException'{0x00000000d5598470}> (0x00000000d5598470) 
thrown [s\src\hotspot\share\prims\jni.cpp, line 520]
Event: 3531.855 Thread 0x000002259d811470 Exception <a 'sun/nio/fs/WindowsException'{0x00000000d5598ac0}> (0x00000000d5598ac0) 
thrown [s\src\hotspot\share\prims\jni.cpp, line 520]
Event: 3531.855 Thread 0x000002259d811470 Exception <a 'sun/nio/fs/WindowsException'{0x00000000d5599728}> (0x00000000d5599728) 
thrown [s\src\hotspot\share\prims\jni.cpp, line 520]
Event: 3531.855 Thread 0x000002259d811470 Exception <a 'sun/nio/fs/WindowsException'{0x00000000d559a008}> (0x00000000d559a008) 
thrown [s\src\hotspot\share\prims\jni.cpp, line 520]
Event: 3531.856 Thread 0x000002259d811470 Exception <a 'sun/nio/fs/WindowsException'{0x00000000d559b5e0}> (0x00000000d559b5e0) 
thrown [s\src\hotspot\share\prims\jni.cpp, line 520]
Event: 3531.856 Thread 0x000002259d811470 Exception <a 'sun/nio/fs/WindowsException'{0x00000000d559bc10}> (0x00000000d559bc10) 
thrown [s\src\hotspot\share\prims\jni.cpp, line 520]
Event: 3531.942 Thread 0x00000225a09fdec0 Exception <a 'java/io/FileNotFoundException'{0x00000000d58c92e8}> (0x00000000d58c92e8) 
thrown [s\src\hotspot\share\prims\jni.cpp, line 520]
Event: 3532.137 Thread 0x00000225a09fdec0 Exception <a 'java/lang/NoSuchMethodError'{0x00000000d57a10f0}: 'java.lang.Object java.lang.invoke.DirectMethodHandle$Holder.invokeVirtual(java.lang.Object, java.lang.Object, java.lang.Object, java.lang.Object)'> (0x00000000d57a10f0) 
thrown [s\src\hotspot\share\interpreter\linkResolver.cpp, line 773]
Event: 3532.187 Thread 0x000002259eff96f0 Exception <a 'java/lang/NoSuchMethodError'{0x00000000d57b4e68}: 'java.lang.Object java.lang.invoke.DirectMethodHandle$Holder.invokeStatic(java.lang.Object, long, java.lang.Object, java.lang.Object)'> (0x00000000d57b4e68) 
thrown [s\src\hotspot\share\interpreter\linkResolver.cpp, line 773]
Event: 3532.815 Thread 0x000002259d38ec70 Exception <a 'java/lang/NoSuchMethodError'{0x00000000d58fcae8}: 'long java.lang.invoke.DelegatingMethodHandle$Holder.reinvoke_L(java.lang.Object, java.lang.Object)'> (0x00000000d58fcae8) 
thrown [s\src\hotspot\share\interpreter\linkResolver.cpp, line 773]
Event: 3532.816 Thread 0x000002259d38ec70 Exception <a 'java/lang/NoSuchMethodError'{0x00000000d5906b98}: 'void java.lang.invoke.DelegatingMethodHandle$Holder.reinvoke_L(java.lang.Object, java.lang.Object, long)'> (0x00000000d5906b98) 
thrown [s\src\hotspot\share\interpreter\linkResolver.cpp, line 773]
Event: 3533.143 Thread 0x000002259d38ec70 Exception <a 'java/lang/NoSuchMethodError'{0x00000000d56110b8}: 'long java.lang.invoke.Invokers$Holder.invokeExact_MT(java.lang.Object, java.lang.Object, java.lang.Object)'> (0x00000000d56110b8) 
thrown [s\src\hotspot\share\interpreter\linkResolver.cpp, line 773]
Event: 3568.141 Thread 0x000002259d812820 Exception <a 'java/lang/NoSuchMethodError'{0x00000000d5731ec0}: 'java.lang.Object java.lang.invoke.DirectMethodHandle$Holder.invokeStaticInit(java.lang.Object, java.lang.Object, java.lang.Object)'> (0x00000000d5731ec0) 
thrown [s\src\hotspot\share\interpreter\linkResolver.cpp, line 773]
Event: 3568.213 Thread 0x000002259d812820 Implicit null exception at 0x0000022547ccba2f to 0x0000022547ccd440

ZGC Phase Switch (0 events):
No events

VM Operations (20 events):
Event: 3588.309 Executing VM operation: ParallelGCFailedAllocation (Allocation Failure)
Event: 3588.311 Executing VM operation: ParallelGCFailedAllocation (Allocation Failure) done
Event: 3588.313 Executing VM operation: ParallelGCFailedAllocation (Allocation Failure)
Event: 3588.315 Executing VM operation: ParallelGCFailedAllocation (Allocation Failure) done
Event: 3588.316 Executing VM operation: ParallelGCFailedAllocation (Allocation Failure)
Event: 3588.318 Executing VM operation: ParallelGCFailedAllocation (Allocation Failure) done
Event: 3588.318 Executing VM operation: ParallelGCFailedAllocation (Allocation Failure)
Event: 3588.320 Executing VM operation: ParallelGCFailedAllocation (Allocation Failure) done
Event: 3588.327 Executing VM operation: ParallelGCFailedAllocation (Allocation Failure)
Event: 3588.328 Executing VM operation: ParallelGCFailedAllocation (Allocation Failure) done
Event: 3588.331 Executing VM operation: ParallelGCFailedAllocation (Allocation Failure)
Event: 3588.333 Executing VM operation: ParallelGCFailedAllocation (Allocation Failure) done
Event: 3588.334 Executing VM operation: ParallelGCFailedAllocation (Allocation Failure)
Event: 3588.336 Executing VM operation: ParallelGCFailedAllocation (Allocation Failure) done
Event: 3588.337 Executing VM operation: ParallelGCFailedAllocation (Allocation Failure)
Event: 3588.338 Executing VM operation: ParallelGCFailedAllocation (Allocation Failure) done
Event: 3588.339 Executing VM operation: ParallelGCFailedAllocation (Allocation Failure)
Event: 3588.341 Executing VM operation: ParallelGCFailedAllocation (Allocation Failure) done
Event: 3588.662 Executing VM operation: ParallelGCFailedAllocation (Allocation Failure)
Event: 3588.664 Executing VM operation: ParallelGCFailedAllocation (Allocation Failure) done

Memory protections (0 events):
No events

Nmethod flushes (20 events):
Event: 3381.766 Thread 0x000002253be2ec10 flushing  nmethod 0x0000022541f9f090
Event: 3381.766 Thread 0x000002253be2ec10 flushing  nmethod 0x0000022541faf710
Event: 3381.766 Thread 0x000002253be2ec10 flushing  nmethod 0x0000022541fb9490
Event: 3381.766 Thread 0x000002253be2ec10 flushing  nmethod 0x0000022541fba110
Event: 3381.766 Thread 0x000002253be2ec10 flushing  nmethod 0x0000022541fc1110
Event: 3381.766 Thread 0x000002253be2ec10 flushing  nmethod 0x0000022541fc5b90
Event: 3381.766 Thread 0x000002253be2ec10 flushing  nmethod 0x0000022541fda590
Event: 3381.766 Thread 0x000002253be2ec10 flushing  nmethod 0x0000022541fe3a90
Event: 3381.766 Thread 0x000002253be2ec10 flushing  nmethod 0x0000022541fe4190
Event: 3381.766 Thread 0x000002253be2ec10 flushing  nmethod 0x0000022541ff1090
Event: 3381.766 Thread 0x000002253be2ec10 flushing  nmethod 0x0000022541ff6c90
Event: 3381.766 Thread 0x000002253be2ec10 flushing  nmethod 0x0000022542008f90
Event: 3381.766 Thread 0x000002253be2ec10 flushing  nmethod 0x000002254200d010
Event: 3381.766 Thread 0x000002253be2ec10 flushing  nmethod 0x0000022542011310
Event: 3381.766 Thread 0x000002253be2ec10 flushing  nmethod 0x0000022542024e90
Event: 3381.766 Thread 0x000002253be2ec10 flushing  nmethod 0x0000022542026910
Event: 3381.766 Thread 0x000002253be2ec10 flushing  nmethod 0x000002254202cc90
Event: 3381.766 Thread 0x000002253be2ec10 flushing  nmethod 0x0000022542033010
Event: 3381.766 Thread 0x000002253be2ec10 flushing  nmethod 0x0000022542035710
Event: 3381.766 Thread 0x000002253be2ec10 flushing  nmethod 0x000002254203e810

Events (20 events):
Event: 3531.821 Thread 0x00000225956a03f0 Thread added: 0x000002259cb3ea20
Event: 3531.903 Thread 0x000002259d811470 Thread added: 0x00000225a09febe0
Event: 3531.906 Thread 0x00000225a09febe0 Thread added: 0x00000225a09fdec0
Event: 3532.048 Thread 0x00000225a09fdec0 Thread added: 0x000002259effcb70
Event: 3532.055 Thread 0x00000225a09fdec0 Thread added: 0x000002259eff6f90
Event: 3532.182 Thread 0x00000225a09fdec0 Thread added: 0x000002259eff96f0
Event: 3532.208 Thread 0x000002259eff96f0 Thread added: 0x000002259effb130
Event: 3532.813 Thread 0x00000225a09fdec0 Thread added: 0x000002259d38ec70
Event: 3532.814 Thread 0x000002259effb130 Thread exited: 0x000002259effb130
Event: 3532.814 Thread 0x000002259cb3ea20 Thread exited: 0x000002259cb3ea20
Event: 3532.814 Thread 0x000002259cb3c810 Thread exited: 0x000002259cb3c810
Event: 3533.142 Thread 0x000002259d38ec70 Thread added: 0x000002259d38cba0
Event: 3533.144 Thread 0x000002259d38ec70 Thread exited: 0x000002259d38ec70
Event: 3563.029 Thread 0x000002259eff96f0 Thread exited: 0x000002259eff96f0
Event: 3568.149 Thread 0x00000225956a03f0 Thread added: 0x000002259cb3ba70
Event: 3573.307 Thread 0x000002259cb3ba70 Thread exited: 0x000002259cb3ba70
Event: 3582.149 Thread 0x000002259eff89d0 Thread exited: 0x000002259eff89d0
Event: 3582.630 Thread 0x000002259eff9060 Thread exited: 0x000002259eff9060
Event: 3582.630 Thread 0x000002259eff6270 Thread exited: 0x000002259eff6270
Event: 3582.630 Thread 0x000002259effd890 Thread exited: 0x000002259effd890


Dynamic libraries:
0x00007ff6166a0000 - 0x00007ff6166ae000 	c:\Users\rpriy\.vscode\extensions\redhat.java-1.44.0-win32-x64\jre\21.0.8-win32-x86_64\bin\java.exe
0x00007ffeac770000 - 0x00007ffeac987000 	C:\WINDOWS\SYSTEM32\ntdll.dll
0x00007ffeabad0000 - 0x00007ffeabb94000 	C:\WINDOWS\System32\KERNEL32.DLL
0x00007ffea9a00000 - 0x00007ffea9dd2000 	C:\WINDOWS\System32\KERNELBASE.dll
0x00007ffea9fd0000 - 0x00007ffeaa0e1000 	C:\WINDOWS\System32\ucrtbase.dll
0x00007ffe6c880000 - 0x00007ffe6c898000 	c:\Users\rpriy\.vscode\extensions\redhat.java-1.44.0-win32-x64\jre\21.0.8-win32-x86_64\bin\jli.dll
0x00007ffe6b5c0000 - 0x00007ffe6b5de000 	c:\Users\rpriy\.vscode\extensions\redhat.java-1.44.0-win32-x64\jre\21.0.8-win32-x86_64\bin\VCRUNTIME140.dll
0x00007ffeaa400000 - 0x00007ffeaa5b1000 	C:\WINDOWS\System32\USER32.dll
0x00007ffea9860000 - 0x00007ffea9886000 	C:\WINDOWS\System32\win32u.dll
0x00007ffe96150000 - 0x00007ffe963eb000 	C:\WINDOWS\WinSxS\amd64_microsoft.windows.common-controls_6595b64144ccf1df_6.0.22621.5697_none_27154c497380d676\COMCTL32.dll
0x00007ffeaae30000 - 0x00007ffeaae59000 	C:\WINDOWS\System32\GDI32.dll
0x00007ffeac1d0000 - 0x00007ffeac277000 	C:\WINDOWS\System32\msvcrt.dll
0x00007ffeaa2d0000 - 0x00007ffeaa3f3000 	C:\WINDOWS\System32\gdi32full.dll
0x00007ffeaa0f0000 - 0x00007ffeaa18a000 	C:\WINDOWS\System32\msvcp_win.dll
0x00007ffeaaef0000 - 0x00007ffeaaf21000 	C:\WINDOWS\System32\IMM32.DLL
0x00007ffe76170000 - 0x00007ffe7617c000 	c:\Users\rpriy\.vscode\extensions\redhat.java-1.44.0-win32-x64\jre\21.0.8-win32-x86_64\bin\vcruntime140_1.dll
0x00007ffe63600000 - 0x00007ffe6368d000 	c:\Users\rpriy\.vscode\extensions\redhat.java-1.44.0-win32-x64\jre\21.0.8-win32-x86_64\bin\msvcp140.dll
0x00007ffe0c100000 - 0x00007ffe0ce97000 	c:\Users\rpriy\.vscode\extensions\redhat.java-1.44.0-win32-x64\jre\21.0.8-win32-x86_64\bin\server\jvm.dll
0x00007ffeaa5c0000 - 0x00007ffeaa671000 	C:\WINDOWS\System32\ADVAPI32.dll
0x00007ffeabd00000 - 0x00007ffeabda8000 	C:\WINDOWS\System32\sechost.dll
0x00007ffea9890000 - 0x00007ffea98b8000 	C:\WINDOWS\System32\bcrypt.dll
0x00007ffeac610000 - 0x00007ffeac727000 	C:\WINDOWS\System32\RPCRT4.dll
0x00007ffeaafc0000 - 0x00007ffeab031000 	C:\WINDOWS\System32\WS2_32.dll
0x00007ffea9730000 - 0x00007ffea977d000 	C:\WINDOWS\SYSTEM32\POWRPROF.dll
0x00007ffea09c0000 - 0x00007ffea09ca000 	C:\WINDOWS\SYSTEM32\VERSION.dll
0x00007ffea4020000 - 0x00007ffea4054000 	C:\WINDOWS\SYSTEM32\WINMM.dll
0x00007ffea9710000 - 0x00007ffea9723000 	C:\WINDOWS\SYSTEM32\UMPDC.dll
0x00007ffea8760000 - 0x00007ffea8778000 	C:\WINDOWS\SYSTEM32\kernel.appcore.dll
0x00007ffe6d150000 - 0x00007ffe6d15a000 	c:\Users\rpriy\.vscode\extensions\redhat.java-1.44.0-win32-x64\jre\21.0.8-win32-x86_64\bin\jimage.dll
0x00007ffea7320000 - 0x00007ffea7553000 	C:\WINDOWS\SYSTEM32\DBGHELP.DLL
0x00007ffeabdc0000 - 0x00007ffeac152000 	C:\WINDOWS\System32\combase.dll
0x00007ffeab0d0000 - 0x00007ffeab1a8000 	C:\WINDOWS\System32\OLEAUT32.dll
0x00007ffe97ac0000 - 0x00007ffe97af2000 	C:\WINDOWS\SYSTEM32\dbgcore.DLL
0x00007ffea98c0000 - 0x00007ffea993b000 	C:\WINDOWS\System32\bcryptPrimitives.dll
0x00007ffe6be90000 - 0x00007ffe6be9f000 	c:\Users\rpriy\.vscode\extensions\redhat.java-1.44.0-win32-x64\jre\21.0.8-win32-x86_64\bin\instrument.dll
0x00007ffe6a670000 - 0x00007ffe6a68f000 	c:\Users\rpriy\.vscode\extensions\redhat.java-1.44.0-win32-x64\jre\21.0.8-win32-x86_64\bin\java.dll
0x00007ffeab1b0000 - 0x00007ffeaba51000 	C:\WINDOWS\System32\SHELL32.dll
0x00007ffeaa190000 - 0x00007ffeaa2cf000 	C:\WINDOWS\System32\wintypes.dll
0x00007ffea76f0000 - 0x00007ffea800a000 	C:\WINDOWS\SYSTEM32\windows.storage.dll
0x00007ffeabbf0000 - 0x00007ffeabcfb000 	C:\WINDOWS\System32\SHCORE.dll
0x00007ffeac160000 - 0x00007ffeac1c9000 	C:\WINDOWS\System32\shlwapi.dll
0x00007ffea9790000 - 0x00007ffea97bb000 	C:\WINDOWS\SYSTEM32\profapi.dll
0x00007ffe73830000 - 0x00007ffe73848000 	c:\Users\rpriy\.vscode\extensions\redhat.java-1.44.0-win32-x64\jre\21.0.8-win32-x86_64\bin\zip.dll
0x00007ffe6b730000 - 0x00007ffe6b740000 	C:\Users\rpriy\.vscode\extensions\redhat.java-1.44.0-win32-x64\jre\21.0.8-win32-x86_64\bin\net.dll
0x00007ffea4bf0000 - 0x00007ffea4d1c000 	C:\WINDOWS\SYSTEM32\WINHTTP.dll
0x00007ffea8cd0000 - 0x00007ffea8d39000 	C:\WINDOWS\system32\mswsock.dll
0x00007ffe6a8d0000 - 0x00007ffe6a8e6000 	C:\Users\rpriy\.vscode\extensions\redhat.java-1.44.0-win32-x64\jre\21.0.8-win32-x86_64\bin\nio.dll
0x00007ffe6af00000 - 0x00007ffe6af10000 	c:\Users\rpriy\.vscode\extensions\redhat.java-1.44.0-win32-x64\jre\21.0.8-win32-x86_64\bin\verify.dll
0x00007ffe6a880000 - 0x00007ffe6a8c5000 	C:\Users\rpriy\AppData\Roaming\Code\User\globalStorage\redhat.java\1.44.0\config_win\org.eclipse.equinox.launcher\org.eclipse.equinox.launcher.win32.win32.x86_64_1.2.1400.v20250730-1736\eclipse_11913.dll
0x00007ffeac2a0000 - 0x00007ffeac440000 	C:\WINDOWS\System32\ole32.dll
0x00007ffea8f60000 - 0x00007ffea8f7b000 	C:\WINDOWS\SYSTEM32\CRYPTSP.dll
0x00007ffea8790000 - 0x00007ffea87c7000 	C:\WINDOWS\system32\rsaenh.dll
0x00007ffea8de0000 - 0x00007ffea8e08000 	C:\WINDOWS\SYSTEM32\USERENV.dll
0x00007ffea8f80000 - 0x00007ffea8f8c000 	C:\WINDOWS\SYSTEM32\CRYPTBASE.dll
0x00007ffea8270000 - 0x00007ffea829d000 	C:\WINDOWS\SYSTEM32\IPHLPAPI.DLL
0x00007ffeaae20000 - 0x00007ffeaae29000 	C:\WINDOWS\System32\NSI.dll
0x00007ffe68f70000 - 0x00007ffe68fb9000 	C:\Users\rpriy\AppData\Local\Temp\jna-108730916\jna5357240658285323395.dll
0x00007ffeabdb0000 - 0x00007ffeabdb8000 	C:\WINDOWS\System32\PSAPI.DLL
0x00007ffea50c0000 - 0x00007ffea50d9000 	C:\WINDOWS\SYSTEM32\dhcpcsvc6.DLL
0x00007ffea4830000 - 0x00007ffea484f000 	C:\WINDOWS\SYSTEM32\dhcpcsvc.DLL
0x00007ffe785a0000 - 0x00007ffe785ae000 	C:\Users\rpriy\.vscode\extensions\redhat.java-1.44.0-win32-x64\jre\21.0.8-win32-x86_64\bin\sunmscapi.dll
0x00007ffea9de0000 - 0x00007ffea9f48000 	C:\WINDOWS\System32\CRYPT32.dll
0x00007ffea9120000 - 0x00007ffea914d000 	C:\WINDOWS\SYSTEM32\ncrypt.dll
0x00007ffea90e0000 - 0x00007ffea9117000 	C:\WINDOWS\SYSTEM32\NTASN1.dll
0x00007ffea82e0000 - 0x00007ffea83d8000 	C:\WINDOWS\SYSTEM32\DNSAPI.dll
0x00007ffea1c20000 - 0x00007ffea1c2a000 	C:\Windows\System32\rasadhlp.dll
0x00007ffea1c50000 - 0x00007ffea1cd4000 	C:\WINDOWS\System32\fwpuclnt.dll
0x00007ffea3bb0000 - 0x00007ffea3bb9000 	C:\Users\rpriy\.vscode\extensions\redhat.java-1.44.0-win32-x64\jre\21.0.8-win32-x86_64\bin\extnet.dll

JVMTI agents:
c:\Users\rpriy\.vscode\extensions\redhat.java-1.44.0-win32-x64\lombok\lombok-1.18.39-4050.jar path:c:\Users\rpriy\.vscode\extensions\redhat.java-1.44.0-win32-x64\jre\21.0.8-win32-x86_64\bin\instrument.dll, loaded, initialized, instrumentlib options:none

dbghelp: loaded successfully - version: 4.0.5 - missing functions: none
symbol engine: initialized successfully - sym options: 0x614 - pdb path: .;c:\Users\rpriy\.vscode\extensions\redhat.java-1.44.0-win32-x64\jre\21.0.8-win32-x86_64\bin;C:\WINDOWS\SYSTEM32;C:\WINDOWS\WinSxS\amd64_microsoft.windows.common-controls_6595b64144ccf1df_6.0.22621.5697_none_27154c497380d676;c:\Users\rpriy\.vscode\extensions\redhat.java-1.44.0-win32-x64\jre\21.0.8-win32-x86_64\bin\server;C:\Users\rpriy\AppData\Roaming\Code\User\globalStorage\redhat.java\1.44.0\config_win\org.eclipse.equinox.launcher\org.eclipse.equinox.launcher.win32.win32.x86_64_1.2.1400.v20250730-1736;C:\Users\rpriy\AppData\Local\Temp\jna-108730916

VM Arguments:
jvm_args: --add-modules=ALL-SYSTEM --add-opens=java.base/java.util=ALL-UNNAMED --add-opens=java.base/java.lang=ALL-UNNAMED --add-opens=java.base/sun.nio.fs=ALL-UNNAMED -Declipse.application=org.eclipse.jdt.ls.core.id1 -Dosgi.bundles.defaultStartLevel=4 -Declipse.product=org.eclipse.jdt.ls.core.product -Djava.import.generatesMetadataFilesAtProjectRoot=false -DDetectVMInstallationsJob.disabled=true -Dfile.encoding=utf8 -XX:+UseParallelGC -XX:GCTimeRatio=4 -XX:AdaptiveSizePolicyWeight=90 -Dsun.zip.disableMemoryMapping=true -Xmx2G -Xms100m -Xlog:disable -javaagent:c:\Users\rpriy\.vscode\extensions\redhat.java-1.44.0-win32-x64\lombok\lombok-1.18.39-4050.jar -XX:+HeapDumpOnOutOfMemoryError -XX:HeapDumpPath=c:\Users\rpriy\AppData\Roaming\Code\User\workspaceStorage\9c4f30c63e8733c4337978f1d90d98d6\redhat.java -Daether.dependencyCollector.impl=bf 
java_command: c:\Users\rpriy\.vscode\extensions\redhat.java-1.44.0-win32-x64\server\plugins\org.eclipse.equinox.launcher_1.7.0.v20250519-0528.jar -configuration c:\Users\rpriy\AppData\Roaming\Code\User\globalStorage\redhat.java\1.44.0\config_win -data c:\Users\rpriy\AppData\Roaming\Code\User\workspaceStorage\9c4f30c63e8733c4337978f1d90d98d6\redhat.java\jdt_ws --pipe=\\.\pipe\lsp-48d6a39860954804255cad16f398f070-sock
java_class_path (initial): c:\Users\rpriy\.vscode\extensions\redhat.java-1.44.0-win32-x64\server\plugins\org.eclipse.equinox.launcher_1.7.0.v20250519-0528.jar
Launcher Type: SUN_STANDARD

[Global flags]
    uintx AdaptiveSizePolicyWeight                 = 90                                        {product} {command line}
     intx CICompilerCount                          = 4                                         {product} {ergonomic}
    uintx GCTimeRatio                              = 4                                         {product} {command line}
     bool HeapDumpOnOutOfMemoryError               = true                                   {manageable} {command line}
    ccstr HeapDumpPath                             = c:\Users\rpriy\AppData\Roaming\Code\User\workspaceStorage\9c4f30c63e8733c4337978f1d90d98d6\redhat.java         {manageable} {command line}
   size_t InitialHeapSize                          = 104857600                                 {product} {command line}
   size_t MaxHeapSize                              = 2147483648                                {product} {command line}
   size_t MaxNewSize                               = 715653120                                 {product} {ergonomic}
   size_t MinHeapDeltaBytes                        = 524288                                    {product} {ergonomic}
   size_t MinHeapSize                              = 104857600                                 {product} {command line}
   size_t NewSize                                  = 34603008                                  {product} {ergonomic}
    uintx NonNMethodCodeHeapSize                   = 5839372                                {pd product} {ergonomic}
    uintx NonProfiledCodeHeapSize                  = 122909434                              {pd product} {ergonomic}
   size_t OldSize                                  = 70254592                                  {product} {ergonomic}
    uintx ProfiledCodeHeapSize                     = 122909434                              {pd product} {ergonomic}
    uintx ReservedCodeCacheSize                    = 251658240                              {pd product} {ergonomic}
     bool SegmentedCodeCache                       = true                                      {product} {ergonomic}
   size_t SoftMaxHeapSize                          = 2147483648                             {manageable} {ergonomic}
     bool UseCompressedOops                        = true                           {product lp64_product} {ergonomic}
     bool UseLargePagesIndividualAllocation        = false                                  {pd product} {ergonomic}
     bool UseParallelGC                            = true                                      {product} {command line}

Logging:
Log output configuration:
 #0: stdout all=off uptime,level,tags foldmultilines=false
 #1: stderr all=off uptime,level,tags foldmultilines=false

Environment Variables:
PATH=C:\Program Files\Common Files\Oracle\Java\javapath;C:\WINDOWS\system32;C:\WINDOWS;C:\WINDOWS\System32\Wbem;C:\WINDOWS\System32\WindowsPowerShell\v1.0\;C:\WINDOWS\System32\OpenSSH\;C:\Program Files\Java\jdk-17.0.2\bin;C:\Program Files\Java\jdk-21\bin;C:\Program Files\nodejs\;C:\Program Files\Git\cmd;C:\Program Files\MySQL\MySQL Shell 8.0\bin\;C:\Users\rpriy\AppData\Local\Microsoft\WindowsApps;C:\Users\rpriy\AppData\Roaming\npm;C:\Users\rpriy\AppData\Local\Programs\Microsoft VS Code\bin
USERNAME=rpriy
OS=Windows_NT
PROCESSOR_IDENTIFIER=AMD64 Family 23 Model 104 Stepping 1, AuthenticAMD
TMP=C:\Users\rpriy\AppData\Local\Temp
TEMP=C:\Users\rpriy\AppData\Local\Temp




Periodic native trim disabled

---------------  S Y S T E M  ---------------

OS:
 Windows 11 , 64 bit Build 22621 (10.0.22621.5415)
OS uptime: 0 days 1:08 hours
Hyper-V role detected

CPU: total 12 (initial active 12) (12 cores per cpu, 2 threads per core) family 23 model 104 stepping 1 microcode 0x0, cx8, cmov, fxsr, ht, mmx, 3dnowpref, sse, sse2, sse3, ssse3, sse4a, sse4.1, sse4.2, popcnt, lzcnt, tsc, tscinvbit, avx, avx2, aes, clmul, bmi1, bmi2, adx, sha, fma, vzeroupper, clflush, clflushopt, hv, rdtscp, rdpid, f16c
Processor Information for processor 0
  Max Mhz: 2100, Current Mhz: 1700, Mhz Limit: 2100
Processor Information for processor 1
  Max Mhz: 2100, Current Mhz: 1700, Mhz Limit: 2100
Processor Information for processor 2
  Max Mhz: 2100, Current Mhz: 1700, Mhz Limit: 2100
Processor Information for processor 3
  Max Mhz: 2100, Current Mhz: 1700, Mhz Limit: 2100
Processor Information for processor 4
  Max Mhz: 2100, Current Mhz: 1700, Mhz Limit: 2100
Processor Information for processor 5
  Max Mhz: 2100, Current Mhz: 1700, Mhz Limit: 2100
Processor Information for processor 6
  Max Mhz: 2100, Current Mhz: 1700, Mhz Limit: 2100
Processor Information for processor 7
  Max Mhz: 2100, Current Mhz: 2100, Mhz Limit: 2100
Processor Information for processor 8
  Max Mhz: 2100, Current Mhz: 2100, Mhz Limit: 2100
Processor Information for processor 9
  Max Mhz: 2100, Current Mhz: 1700, Mhz Limit: 2100
Processor Information for processor 10
  Max Mhz: 2100, Current Mhz: 1700, Mhz Limit: 2100
Processor Information for processor 11
  Max Mhz: 2100, Current Mhz: 1700, Mhz Limit: 2100

Memory: 4k page, system-wide physical 18277M (10450M free)
TotalPageFile size 31589M (AvailPageFile size 20383M)
current process WorkingSet (physical memory assigned to process): 835M, peak: 1855M
current process commit charge ("private bytes"): 738M, peak: 1766M

vm_info: OpenJDK 64-Bit Server VM (21.0.8+9-LTS) for windows-amd64 JRE (21.0.8+9-LTS), built on 2025-07-15T00:00:00Z by "admin" with MS VC++ 17.7 (VS2022)

END.
